from sys import get_coroutine_origin_tracking_depth


/tmp/build/parser # ldd libcloudparse.so
	/lib/ld-musl-x86_64.so.1 (0x7fa75d36e000)
	libvtkCommonCore.so.1 => /usr/lib/libvtkCommonCore.so.1 (0x7fa75ce7b000)
	libpcl_common.so.1.12 => /usr/lib/libpcl_common.so.1.12 (0x7fa75cdd2000)
	libstdc++.so.6 => /usr/lib/libstdc++.so.6 (0x7fa75cc31000)
	libgcc_s.so.1 => /usr/lib/libgcc_s.so.1 (0x7fa75cc17000)
	libc.musl-x86_64.so.1 => /lib/ld-musl-x86_64.so.1 (0x7fa75d36e000)
	libvtksys.so.1 => /usr/lib/libvtksys.so.1 (0x7fa75cbe2000)
	libvtkloguru.so.1 => /usr/lib/libvtkloguru.so.1 (0x7fa75cbb8000)
	libgomp.so.1 => /usr/lib/libgomp.so.1 (0x7fa75cb78000)
	libexecinfo.so.1 => /usr/lib/libexecinfo.so.1 (0x7fa75cb66000)

*************************************
*** DBSCAN Cluster Segmentation *** 
*************************************
Illegal instruction (core dumped)
/tmp/build # ldd app 
	/lib/ld-musl-x86_64.so.1 (0x7fce9984d000)
	libstdc++.so.6 => /usr/lib/libstdc++.so.6 (0x7fce99697000)
	libgcc_s.so.1 => /usr/lib/libgcc_s.so.1 (0x7fce9967d000)
	libc.musl-x86_64.so.1 => /lib/ld-musl-x86_64.so.1 (0x7fce9984d000)

/tmp/build # file app 
app: ELF 64-bit LSB pie executable, x86-64, version 1 (SYSV), dynamically linked, interpreter /lib/ld-musl-x86_64.so.1, with debug_info, not stripped


// goodapp

/tmp/build/parser # ldd libcloud_parser.so
	/lib/ld-musl-x86_64.so.1 (0x7f8614608000)
	libvtkCommonCore.so.1 => /usr/lib/libvtkCommonCore.so.1 (0x7f8614115000)
	libpcl_common.so.1.12 => /usr/lib/libpcl_common.so.1.12 (0x7f861406c000)
	libstdc++.so.6 => /usr/lib/libstdc++.so.6 (0x7f8613ecb000)
	libgcc_s.so.1 => /usr/lib/libgcc_s.so.1 (0x7f8613eb1000)
	libc.musl-x86_64.so.1 => /lib/ld-musl-x86_64.so.1 (0x7f8614608000)
	libvtksys.so.1 => /usr/lib/libvtksys.so.1 (0x7f8613e7c000)
	libvtkloguru.so.1 => /usr/lib/libvtkloguru.so.1 (0x7f8613e52000)
	libgomp.so.1 => /usr/lib/libgomp.so.1 (0x7f8613e12000)
	libexecinfo.so.1 => /usr/lib/libexecinfo.so.1 (0x7f8613e00000)


/tmp/build # ldd app
	/lib/ld-musl-x86_64.so.1 (0x7f76773c8000)
	libstdc++.so.6 => /usr/lib/libstdc++.so.6 (0x7f7677213000)
	libgcc_s.so.1 => /usr/lib/libgcc_s.so.1 (0x7f76771f9000)
	libc.musl-x86_64.so.1 => /lib/ld-musl-x86_64.so.1 (0x7f76773c8000)

/tmp/build # file app 
app: ELF 64-bit LSB pie executable, x86-64, version 1 (SYSV), dynamically linked, interpreter /lib/ld-musl-x86_64.so.1, with debug_info, not stripped

/tmp/build # readelf -h app
ELF Header:
  Magic:   7f 45 4c 46 02 01 01 00 00 00 00 00 00 00 00 00 
  Class:                             ELF64
  Data:                              2's complement, little endian
  Version:                           1 (current)
  OS/ABI:                            UNIX - System V
  ABI Version:                       0
  Type:                              DYN (Position-Independent Executable file)
  Machine:                           Advanced Micro Devices X86-64
  Version:                           0x1
  Entry point address:               0x43ce
  Start of program headers:          64 (bytes into file)
  Start of section headers:          99120 (bytes into file)
  Flags:                             0x0
  Size of this header:               64 (bytes)
  Size of program headers:           56 (bytes)
  Number of program headers:         12
  Size of section headers:           64 (bytes)
  Number of section headers:         39
  Section header string table index: 38

/ # cd /tmp/build/
/tmp/build # readelf -h app
ELF Header:
  Magic:   7f 45 4c 46 02 01 01 00 00 00 00 00 00 00 00 00 
  Class:                             ELF64
  Data:                              2's complement, little endian
  Version:                           1 (current)
  OS/ABI:                            UNIX - System V
  ABI Version:                       0
  Type:                              DYN (Position-Independent Executable file)
  Machine:                           Advanced Micro Devices X86-64
  Version:                           0x1
  Entry point address:               0x445e
  Start of program headers:          64 (bytes into file)
  Start of section headers:          103216 (bytes into file)
  Flags:                             0x0
  Size of this header:               64 (bytes)
  Size of program headers:           56 (bytes)
  Number of program headers:         12
  Size of section headers:           64 (bytes)
  Number of section headers:         39
  Section header string table index: 38



//good 
/tmp/build # strace -f ./app 
execve("./app", ["./app"], 0x7ffe35550008 /* 9 vars */) = 0
arch_prctl(ARCH_SET_FS, 0x7fdeee8f7b48) = 0
set_tid_address(0x7fdeee8f7f90)         = 18
brk(NULL)                               = 0x5588a6f08000
brk(0x5588a6f0a000)                     = 0x5588a6f0a000
mmap(0x5588a6f08000, 4096, PROT_NONE, MAP_PRIVATE|MAP_FIXED|MAP_ANONYMOUS, -1, 0) = 0x5588a6f08000
open("/tmp/build/parser/libstdc++.so.6", O_RDONLY|O_LARGEFILE|O_CLOEXEC) = -1 ENOENT (No such file or directory)
open("/etc/ld-musl-x86_64.path", O_RDONLY|O_LARGEFILE|O_CLOEXEC) = -1 ENOENT (No such file or directory)
open("/lib/libstdc++.so.6", O_RDONLY|O_LARGEFILE|O_CLOEXEC) = -1 ENOENT (No such file or directory)
open("/usr/local/lib/libstdc++.so.6", O_RDONLY|O_LARGEFILE|O_CLOEXEC) = -1 ENOENT (No such file or directory)
open("/usr/lib/libstdc++.so.6", O_RDONLY|O_LARGEFILE|O_CLOEXEC) = 3
fcntl(3, F_SETFD, FD_CLOEXEC)           = 0
fstat(3, {st_mode=S_IFREG|0755, st_size=1690200, ...}) = 0
read(3, "\177ELF\2\1\1\0\0\0\0\0\0\0\0\0\3\0>\0\1\0\0\0\320\347\v\0\0\0\0\0"..., 960) = 960
mmap(NULL, 1708032, PROT_READ, MAP_PRIVATE, 3, 0) = 0x7fdeee6c0000
mmap(0x7fdeee776000, 598016, PROT_READ|PROT_EXEC, MAP_PRIVATE|MAP_FIXED, 3, 0xb6000) = 0x7fdeee776000
mmap(0x7fdeee808000, 282624, PROT_READ, MAP_PRIVATE|MAP_FIXED, 3, 0x148000) = 0x7fdeee808000
mmap(0x7fdeee84e000, 77824, PROT_READ|PROT_WRITE, MAP_PRIVATE|MAP_FIXED, 3, 0x18d000) = 0x7fdeee84e000
mmap(0x7fdeee85e000, 12288, PROT_READ|PROT_WRITE, MAP_PRIVATE|MAP_FIXED|MAP_ANONYMOUS, -1, 0) = 0x7fdeee85e000
close(3)                                = 0
open("/tmp/build/parser/libgcc_s.so.1", O_RDONLY|O_LARGEFILE|O_CLOEXEC) = -1 ENOENT (No such file or directory)
open("/lib/libgcc_s.so.1", O_RDONLY|O_LARGEFILE|O_CLOEXEC) = -1 ENOENT (No such file or directory)
open("/usr/local/lib/libgcc_s.so.1", O_RDONLY|O_LARGEFILE|O_CLOEXEC) = -1 ENOENT (No such file or directory)
open("/usr/lib/libgcc_s.so.1", O_RDONLY|O_LARGEFILE|O_CLOEXEC) = 3
fcntl(3, F_SETFD, FD_CLOEXEC)           = 0
fstat(3, {st_mode=S_IFREG|0644, st_size=100176, ...}) = 0
read(3, "\177ELF\2\1\1\0\0\0\0\0\0\0\0\0\3\0>\0\1\0\0\0\3602\0\0\0\0\0\0"..., 960) = 960
mmap(NULL, 106496, PROT_READ, MAP_PRIVATE, 3, 0) = 0x7fdeee6a6000
mmap(0x7fdeee6a9000, 69632, PROT_READ|PROT_EXEC, MAP_PRIVATE|MAP_FIXED, 3, 0x3000) = 0x7fdeee6a9000
mmap(0x7fdeee6ba000, 12288, PROT_READ, MAP_PRIVATE|MAP_FIXED, 3, 0x14000) = 0x7fdeee6ba000
mmap(0x7fdeee6be000, 8192, PROT_READ|PROT_WRITE, MAP_PRIVATE|MAP_FIXED, 3, 0x17000) = 0x7fdeee6be000
close(3)                                = 0
mprotect(0x7fdeee84e000, 61440, PROT_READ) = 0
mprotect(0x7fdeee6be000, 4096, PROT_READ) = 0
mprotect(0x7fdeee8f4000, 4096, PROT_READ) = 0
mprotect(0x5588a6cba000, 4096, PROT_READ) = 0
mmap(NULL, 73728, PROT_READ|PROT_WRITE, MAP_PRIVATE|MAP_ANONYMOUS, -1, 0) = 0x7fdeee694000
ioctl(1, TIOCGWINSZ, {ws_row=46, ws_col=181, ws_xpixel=0, ws_ypixel=0}) = 0
writev(1, [{iov_base="", iov_len=0}, {iov_base="\n", iov_len=1}], 2
) = 1
writev(1, [{iov_base="********************************"..., iov_len=37}, {iov_base="\n", iov_len=1}], 2*************************************
) = 38
writev(1, [{iov_base="*** DBSCAN Cluster Segmentation "..., iov_len=36}, {iov_base="\n", iov_len=1}], 2*** DBSCAN Cluster Segmentation *** 
) = 37
writev(1, [{iov_base="********************************"..., iov_len=37}, {iov_base="\n", iov_len=1}], 2*************************************
) = 38
writev(1, [{iov_base="yeah", iov_len=4}, {iov_base="\n", iov_len=1}], 2yeah
) = 5
writev(1, [{iov_base="probandooo.....", iov_len=15}, {iov_base="\n", iov_len=1}], 2probandooo.....
) = 16
writev(1, [{iov_base="yeah", iov_len=4}, {iov_base="\n", iov_len=1}], 2yeah
) = 5
mmap(NULL, 4096, PROT_READ|PROT_WRITE, MAP_PRIVATE|MAP_ANONYMOUS, -1, 0) = 0x7fdeee693000
mmap(NULL, 40960, PROT_READ|PROT_WRITE, MAP_PRIVATE|MAP_ANONYMOUS, -1, 0) = 0x7fdeee689000
mmap(NULL, 40960, PROT_READ|PROT_WRITE, MAP_PRIVATE|MAP_ANONYMOUS, -1, 0) = 0x7fdeee67f000
munmap(0x7fdeee67f000, 40960)           = 0
mmap(NULL, 4096, PROT_READ|PROT_WRITE, MAP_PRIVATE|MAP_ANONYMOUS, -1, 0) = 0x7fdeee688000
munmap(0x7fdeee688000, 4096)            = 0
writev(2, [{iov_base="", iov_len=0}, {iov_base="--cloudfile: required.", iov_len=22}], 2--cloudfile: required.) = 22
writev(2, [{iov_base="", iov_len=0}, {iov_base="\n", iov_len=1}], 2
) = 1
writev(2, [{iov_base="", iov_len=0}, {iov_base="Usage: ", iov_len=7}], 2Usage: ) = 7
writev(2, [{iov_base="", iov_len=0}, {iov_base="program", iov_len=7}], 2program) = 7
writev(2, [{iov_base="", iov_len=0}, {iov_base=" [options] ", iov_len=11}], 2 [options] ) = 11
writev(2, [{iov_base="", iov_len=0}, {iov_base="\n\n", iov_len=2}], 2

) = 2
writev(2, [{iov_base="", iov_len=0}, {iov_base="Optional arguments:\n", iov_len=20}], 2Optional arguments:
) = 20
writev(2, [{iov_base="", iov_len=0}, {iov_base="-h --help ", iov_len=10}], 2-h --help ) = 10
writev(2, [{iov_base="", iov_len=0}, {iov_base=" ", iov_len=1}], 2 ) = 1
writev(2, [{iov_base="", iov_len=0}, {iov_base=" ", iov_len=1}], 2 ) = 1
writev(2, [{iov_base="", iov_len=0}, {iov_base=" ", iov_len=1}], 2 ) = 1
writev(2, [{iov_base="", iov_len=0}, {iov_base=" ", iov_len=1}], 2 ) = 1
writev(2, [{iov_base="", iov_len=0}, {iov_base=" ", iov_len=1}], 2 ) = 1
writev(2, [{iov_base="", iov_len=0}, {iov_base=" ", iov_len=1}], 2 ) = 1
writev(2, [{iov_base="", iov_len=0}, {iov_base="\t", iov_len=1}], 2	) = 1
writev(2, [{iov_base="", iov_len=0}, {iov_base="shows help message and exits", iov_len=28}], 2shows help message and exits) = 28
writev(2, [{iov_base="", iov_len=0}, {iov_base=" ", iov_len=1}], 2 ) = 1
writev(2, [{iov_base="", iov_len=0}, {iov_base="[default: ", iov_len=10}], 2[default: ) = 10
writev(2, [{iov_base="", iov_len=0}, {iov_base="false", iov_len=5}], 2false) = 5
writev(2, [{iov_base="", iov_len=0}, {iov_base="]", iov_len=1}], 2]) = 1
writev(2, [{iov_base="", iov_len=0}, {iov_base="\n", iov_len=1}], 2
) = 1
writev(2, [{iov_base="", iov_len=0}, {iov_base="-v --version ", iov_len=13}], 2-v --version ) = 13
writev(2, [{iov_base="", iov_len=0}, {iov_base=" ", iov_len=1}], 2 ) = 1
writev(2, [{iov_base="", iov_len=0}, {iov_base=" ", iov_len=1}], 2 ) = 1
writev(2, [{iov_base="", iov_len=0}, {iov_base=" ", iov_len=1}], 2 ) = 1
writev(2, [{iov_base="", iov_len=0}, {iov_base="\t", iov_len=1}], 2	) = 1
writev(2, [{iov_base="", iov_len=0}, {iov_base="prints version information and e"..., iov_len=36}], 2prints version information and exits) = 36
writev(2, [{iov_base="", iov_len=0}, {iov_base=" ", iov_len=1}], 2 ) = 1
writev(2, [{iov_base="", iov_len=0}, {iov_base="[default: ", iov_len=10}], 2[default: ) = 10
writev(2, [{iov_base="", iov_len=0}, {iov_base="false", iov_len=5}], 2false) = 5
writev(2, [{iov_base="", iov_len=0}, {iov_base="]", iov_len=1}], 2]) = 1
writev(2, [{iov_base="", iov_len=0}, {iov_base="\n", iov_len=1}], 2
) = 1
writev(2, [{iov_base="", iov_len=0}, {iov_base="--cloudfile ", iov_len=12}], 2--cloudfile ) = 12
writev(2, [{iov_base="", iov_len=0}, {iov_base=" ", iov_len=1}], 2 ) = 1
writev(2, [{iov_base="", iov_len=0}, {iov_base=" ", iov_len=1}], 2 ) = 1
writev(2, [{iov_base="", iov_len=0}, {iov_base=" ", iov_len=1}], 2 ) = 1
writev(2, [{iov_base="", iov_len=0}, {iov_base=" ", iov_len=1}], 2 ) = 1
writev(2, [{iov_base="", iov_len=0}, {iov_base="\t", iov_len=1}], 2	) = 1
writev(2, [{iov_base="", iov_len=0}, {iov_base="input cloud file", iov_len=16}], 2input cloud file) = 16
writev(2, [{iov_base="", iov_len=0}, {iov_base=" ", iov_len=1}], 2 ) = 1
writev(2, [{iov_base="", iov_len=0}, {iov_base="[required]", iov_len=10}], 2[required]) = 10
writev(2, [{iov_base="", iov_len=0}, {iov_base="\n", iov_len=1}], 2
) = 1
writev(2, [{iov_base="", iov_len=0}, {iov_base="--octree-res ", iov_len=13}], 2--octree-res ) = 13
writev(2, [{iov_base="", iov_len=0}, {iov_base=" ", iov_len=1}], 2 ) = 1
writev(2, [{iov_base="", iov_len=0}, {iov_base=" ", iov_len=1}], 2 ) = 1
writev(2, [{iov_base="", iov_len=0}, {iov_base=" ", iov_len=1}], 2 ) = 1
writev(2, [{iov_base="", iov_len=0}, {iov_base="\t", iov_len=1}], 2	) = 1
writev(2, [{iov_base="", iov_len=0}, {iov_base="octree resolution", iov_len=17}], 2octree resolution) = 17
writev(2, [{iov_base="", iov_len=0}, {iov_base=" ", iov_len=1}], 2 ) = 1
writev(2, [{iov_base="", iov_len=0}, {iov_base="[default: ", iov_len=10}], 2[default: ) = 10
writev(2, [{iov_base="", iov_len=0}, {iov_base="120", iov_len=3}], 2120) = 3
writev(2, [{iov_base="", iov_len=0}, {iov_base="]", iov_len=1}], 2]) = 1
writev(2, [{iov_base="", iov_len=0}, {iov_base="\n", iov_len=1}], 2
) = 1
writev(2, [{iov_base="", iov_len=0}, {iov_base="--eps ", iov_len=6}], 2--eps ) = 6
writev(2, [{iov_base="", iov_len=0}, {iov_base=" ", iov_len=1}], 2 ) = 1
writev(2, [{iov_base="", iov_len=0}, {iov_base=" ", iov_len=1}], 2 ) = 1
writev(2, [{iov_base="", iov_len=0}, {iov_base=" ", iov_len=1}], 2 ) = 1
writev(2, [{iov_base="", iov_len=0}, {iov_base=" ", iov_len=1}], 2 ) = 1
writev(2, [{iov_base="", iov_len=0}, {iov_base=" ", iov_len=1}], 2 ) = 1
writev(2, [{iov_base="", iov_len=0}, {iov_base=" ", iov_len=1}], 2 ) = 1
writev(2, [{iov_base="", iov_len=0}, {iov_base=" ", iov_len=1}], 2 ) = 1
writev(2, [{iov_base="", iov_len=0}, {iov_base=" ", iov_len=1}], 2 ) = 1
writev(2, [{iov_base="", iov_len=0}, {iov_base=" ", iov_len=1}], 2 ) = 1
writev(2, [{iov_base="", iov_len=0}, {iov_base=" ", iov_len=1}], 2 ) = 1
writev(2, [{iov_base="", iov_len=0}, {iov_base="\t", iov_len=1}], 2	) = 1
writev(2, [{iov_base="", iov_len=0}, {iov_base="epsilon value", iov_len=13}], 2epsilon value) = 13
writev(2, [{iov_base="", iov_len=0}, {iov_base=" ", iov_len=1}], 2 ) = 1
writev(2, [{iov_base="", iov_len=0}, {iov_base="[default: ", iov_len=10}], 2[default: ) = 10
writev(2, [{iov_base="", iov_len=0}, {iov_base="40", iov_len=2}], 240) = 2
writev(2, [{iov_base="", iov_len=0}, {iov_base="]", iov_len=1}], 2]) = 1
writev(2, [{iov_base="", iov_len=0}, {iov_base="\n", iov_len=1}], 2
) = 1
writev(2, [{iov_base="", iov_len=0}, {iov_base="--minPtsAux ", iov_len=12}], 2--minPtsAux ) = 12
writev(2, [{iov_base="", iov_len=0}, {iov_base=" ", iov_len=1}], 2 ) = 1
writev(2, [{iov_base="", iov_len=0}, {iov_base=" ", iov_len=1}], 2 ) = 1
writev(2, [{iov_base="", iov_len=0}, {iov_base=" ", iov_len=1}], 2 ) = 1
writev(2, [{iov_base="", iov_len=0}, {iov_base=" ", iov_len=1}], 2 ) = 1
writev(2, [{iov_base="", iov_len=0}, {iov_base="\t", iov_len=1}], 2	) = 1
writev(2, [{iov_base="", iov_len=0}, {iov_base="minimum auxiliar points", iov_len=23}], 2minimum auxiliar points) = 23
writev(2, [{iov_base="", iov_len=0}, {iov_base=" ", iov_len=1}], 2 ) = 1
writev(2, [{iov_base="", iov_len=0}, {iov_base="[default: ", iov_len=10}], 2[default: ) = 10
writev(2, [{iov_base="", iov_len=0}, {iov_base="5", iov_len=1}], 25) = 1
writev(2, [{iov_base="", iov_len=0}, {iov_base="]", iov_len=1}], 2]) = 1
writev(2, [{iov_base="", iov_len=0}, {iov_base="\n", iov_len=1}], 2
) = 1
writev(2, [{iov_base="", iov_len=0}, {iov_base="--minPts ", iov_len=9}], 2--minPts ) = 9
writev(2, [{iov_base="", iov_len=0}, {iov_base=" ", iov_len=1}], 2 ) = 1
writev(2, [{iov_base="", iov_len=0}, {iov_base=" ", iov_len=1}], 2 ) = 1
writev(2, [{iov_base="", iov_len=0}, {iov_base=" ", iov_len=1}], 2 ) = 1
writev(2, [{iov_base="", iov_len=0}, {iov_base=" ", iov_len=1}], 2 ) = 1
writev(2, [{iov_base="", iov_len=0}, {iov_base=" ", iov_len=1}], 2 ) = 1
writev(2, [{iov_base="", iov_len=0}, {iov_base=" ", iov_len=1}], 2 ) = 1
writev(2, [{iov_base="", iov_len=0}, {iov_base=" ", iov_len=1}], 2 ) = 1
writev(2, [{iov_base="", iov_len=0}, {iov_base="\t", iov_len=1}], 2	) = 1
writev(2, [{iov_base="", iov_len=0}, {iov_base="minimum points", iov_len=14}], 2minimum points) = 14
writev(2, [{iov_base="", iov_len=0}, {iov_base=" ", iov_len=1}], 2 ) = 1
writev(2, [{iov_base="", iov_len=0}, {iov_base="[default: ", iov_len=10}], 2[default: ) = 10
writev(2, [{iov_base="", iov_len=0}, {iov_base="5", iov_len=1}], 25) = 1
writev(2, [{iov_base="", iov_len=0}, {iov_base="]", iov_len=1}], 2]) = 1
writev(2, [{iov_base="", iov_len=0}, {iov_base="\n", iov_len=1}], 2
) = 1
writev(2, [{iov_base="", iov_len=0}, {iov_base="-o --output-dir ", iov_len=16}], 2-o --output-dir ) = 16
writev(2, [{iov_base="", iov_len=0}, {iov_base="\t", iov_len=1}], 2	) = 1
writev(2, [{iov_base="", iov_len=0}, {iov_base="output dir to save clusters", iov_len=27}], 2output dir to save clusters) = 27
writev(2, [{iov_base="", iov_len=0}, {iov_base=" ", iov_len=1}], 2 ) = 1
writev(2, [{iov_base="", iov_len=0}, {iov_base="[default: ", iov_len=10}], 2[default: ) = 10
writev(2, [{iov_base="", iov_len=0}, {iov_base="\"-\"", iov_len=3}], 2"-") = 3
writev(2, [{iov_base="", iov_len=0}, {iov_base="]", iov_len=1}], 2]) = 1
writev(2, [{iov_base="", iov_len=0}, {iov_base="\n", iov_len=1}], 2
) = 1
writev(2, [{iov_base="", iov_len=0}, {iov_base="--ext ", iov_len=6}], 2--ext ) = 6
writev(2, [{iov_base="", iov_len=0}, {iov_base=" ", iov_len=1}], 2 ) = 1
writev(2, [{iov_base="", iov_len=0}, {iov_base=" ", iov_len=1}], 2 ) = 1
writev(2, [{iov_base="", iov_len=0}, {iov_base=" ", iov_len=1}], 2 ) = 1
writev(2, [{iov_base="", iov_len=0}, {iov_base=" ", iov_len=1}], 2 ) = 1
writev(2, [{iov_base="", iov_len=0}, {iov_base=" ", iov_len=1}], 2 ) = 1
writev(2, [{iov_base="", iov_len=0}, {iov_base=" ", iov_len=1}], 2 ) = 1
writev(2, [{iov_base="", iov_len=0}, {iov_base=" ", iov_len=1}], 2 ) = 1
writev(2, [{iov_base="", iov_len=0}, {iov_base=" ", iov_len=1}], 2 ) = 1
writev(2, [{iov_base="", iov_len=0}, {iov_base=" ", iov_len=1}], 2 ) = 1
writev(2, [{iov_base="", iov_len=0}, {iov_base=" ", iov_len=1}], 2 ) = 1
writev(2, [{iov_base="", iov_len=0}, {iov_base="\t", iov_len=1}], 2	) = 1
writev(2, [{iov_base="", iov_len=0}, {iov_base="cluster output extension [pcd, p"..., iov_len=45}], 2cluster output extension [pcd, ply, txt, xyz]) = 45
writev(2, [{iov_base="", iov_len=0}, {iov_base=" ", iov_len=1}], 2 ) = 1
writev(2, [{iov_base="", iov_len=0}, {iov_base="[default: ", iov_len=10}], 2[default: ) = 10
writev(2, [{iov_base="", iov_len=0}, {iov_base="\"pcd\"", iov_len=5}], 2"pcd") = 5
writev(2, [{iov_base="", iov_len=0}, {iov_base="]", iov_len=1}], 2]) = 1
writev(2, [{iov_base="", iov_len=0}, {iov_base="\n", iov_len=1}], 2
) = 1
writev(2, [{iov_base="", iov_len=0}, {iov_base="-d --display ", iov_len=13}], 2-d --display ) = 13
writev(2, [{iov_base="", iov_len=0}, {iov_base=" ", iov_len=1}], 2 ) = 1
writev(2, [{iov_base="", iov_len=0}, {iov_base=" ", iov_len=1}], 2 ) = 1
writev(2, [{iov_base="", iov_len=0}, {iov_base=" ", iov_len=1}], 2 ) = 1
writev(2, [{iov_base="", iov_len=0}, {iov_base="\t", iov_len=1}], 2	) = 1
writev(2, [{iov_base="", iov_len=0}, {iov_base="display clusters in the pcl visu"..., iov_len=38}], 2display clusters in the pcl visualizer) = 38
writev(2, [{iov_base="", iov_len=0}, {iov_base=" ", iov_len=1}], 2 ) = 1
writev(2, [{iov_base="", iov_len=0}, {iov_base="[default: ", iov_len=10}], 2[default: ) = 10
writev(2, [{iov_base="", iov_len=0}, {iov_base="false", iov_len=5}], 2false) = 5
writev(2, [{iov_base="", iov_len=0}, {iov_base="]", iov_len=1}], 2]) = 1
writev(2, [{iov_base="", iov_len=0}, {iov_base="\n", iov_len=1}], 2
) = 1
writev(2, [{iov_base="", iov_len=0}, {iov_base="--cal-eps ", iov_len=10}], 2--cal-eps ) = 10
writev(2, [{iov_base="", iov_len=0}, {iov_base=" ", iov_len=1}], 2 ) = 1
writev(2, [{iov_base="", iov_len=0}, {iov_base=" ", iov_len=1}], 2 ) = 1
writev(2, [{iov_base="", iov_len=0}, {iov_base=" ", iov_len=1}], 2 ) = 1
writev(2, [{iov_base="", iov_len=0}, {iov_base=" ", iov_len=1}], 2 ) = 1
writev(2, [{iov_base="", iov_len=0}, {iov_base=" ", iov_len=1}], 2 ) = 1
writev(2, [{iov_base="", iov_len=0}, {iov_base=" ", iov_len=1}], 2 ) = 1
writev(2, [{iov_base="", iov_len=0}, {iov_base="\t", iov_len=1}], 2	) = 1
writev(2, [{iov_base="", iov_len=0}, {iov_base="calculate the value of epsilon w"..., iov_len=72}], 2calculate the value of epsilon with the distance to the nearest n points) = 72
writev(2, [{iov_base="", iov_len=0}, {iov_base=" ", iov_len=1}], 2 ) = 1
writev(2, [{iov_base="", iov_len=0}, {iov_base="[default: ", iov_len=10}], 2[default: ) = 10
writev(2, [{iov_base="", iov_len=0}, {iov_base="false", iov_len=5}], 2false) = 5
writev(2, [{iov_base="", iov_len=0}, {iov_base="]", iov_len=1}], 2]) = 1
writev(2, [{iov_base="", iov_len=0}, {iov_base="\n", iov_len=1}], 2
) = 1
writev(1, [{iov_base="yeah", iov_len=4}, {iov_base="\n", iov_len=1}], 2yeah
) = 5
munmap(0x7fdeee689000, 40960)           = 0
munmap(0x7fdeee693000, 4096)            = 0
exit_group(0)                           = ?
+++ exited with 0 +++



execve("./app", ["./app"], 0x7ffc3e1c7258 /* 9 vars */) = 0
arch_prctl(ARCH_SET_FS, 0x7fd5d4d35b48) = 0
set_tid_address(0x7fd5d4d35f90)         = 14
brk(NULL)                               = 0x55dcd7e7d000
brk(0x55dcd7e7f000)                     = 0x55dcd7e7f000
mmap(0x55dcd7e7d000, 4096, PROT_NONE, MAP_PRIVATE|MAP_FIXED|MAP_ANONYMOUS, -1, 0) = 0x55dcd7e7d000
open("/tmp/build/parser/libstdc++.so.6", O_RDONLY|O_LARGEFILE|O_CLOEXEC) = -1 ENOENT (No such file or directory)
open("/etc/ld-musl-x86_64.path", O_RDONLY|O_LARGEFILE|O_CLOEXEC) = -1 ENOENT (No such file or directory)
open("/lib/libstdc++.so.6", O_RDONLY|O_LARGEFILE|O_CLOEXEC) = -1 ENOENT (No such file or directory)
open("/usr/local/lib/libstdc++.so.6", O_RDONLY|O_LARGEFILE|O_CLOEXEC) = -1 ENOENT (No such file or directory)
open("/usr/lib/libstdc++.so.6", O_RDONLY|O_LARGEFILE|O_CLOEXEC) = 3
fcntl(3, F_SETFD, FD_CLOEXEC)           = 0
fstat(3, {st_mode=S_IFREG|0755, st_size=1690200, ...}) = 0
read(3, "\177ELF\2\1\1\0\0\0\0\0\0\0\0\0\3\0>\0\1\0\0\0\320\347\v\0\0\0\0\0"..., 960) = 960
mmap(NULL, 1708032, PROT_READ, MAP_PRIVATE, 3, 0) = 0x7fd5d4afe000
mmap(0x7fd5d4bb4000, 598016, PROT_READ|PROT_EXEC, MAP_PRIVATE|MAP_FIXED, 3, 0xb6000) = 0x7fd5d4bb4000
mmap(0x7fd5d4c46000, 282624, PROT_READ, MAP_PRIVATE|MAP_FIXED, 3, 0x148000) = 0x7fd5d4c46000
mmap(0x7fd5d4c8c000, 77824, PROT_READ|PROT_WRITE, MAP_PRIVATE|MAP_FIXED, 3, 0x18d000) = 0x7fd5d4c8c000
mmap(0x7fd5d4c9c000, 12288, PROT_READ|PROT_WRITE, MAP_PRIVATE|MAP_FIXED|MAP_ANONYMOUS, -1, 0) = 0x7fd5d4c9c000
close(3)                                = 0
open("/tmp/build/parser/libgcc_s.so.1", O_RDONLY|O_LARGEFILE|O_CLOEXEC) = -1 ENOENT (No such file or directory)
open("/lib/libgcc_s.so.1", O_RDONLY|O_LARGEFILE|O_CLOEXEC) = -1 ENOENT (No such file or directory)
open("/usr/local/lib/libgcc_s.so.1", O_RDONLY|O_LARGEFILE|O_CLOEXEC) = -1 ENOENT (No such file or directory)
open("/usr/lib/libgcc_s.so.1", O_RDONLY|O_LARGEFILE|O_CLOEXEC) = 3
fcntl(3, F_SETFD, FD_CLOEXEC)           = 0
fstat(3, {st_mode=S_IFREG|0644, st_size=100176, ...}) = 0
read(3, "\177ELF\2\1\1\0\0\0\0\0\0\0\0\0\3\0>\0\1\0\0\0\3602\0\0\0\0\0\0"..., 960) = 960
mmap(NULL, 106496, PROT_READ, MAP_PRIVATE, 3, 0) = 0x7fd5d4ae4000
mmap(0x7fd5d4ae7000, 69632, PROT_READ|PROT_EXEC, MAP_PRIVATE|MAP_FIXED, 3, 0x3000) = 0x7fd5d4ae7000
mmap(0x7fd5d4af8000, 12288, PROT_READ, MAP_PRIVATE|MAP_FIXED, 3, 0x14000) = 0x7fd5d4af8000
mmap(0x7fd5d4afc000, 8192, PROT_READ|PROT_WRITE, MAP_PRIVATE|MAP_FIXED, 3, 0x17000) = 0x7fd5d4afc000
close(3)                                = 0
mprotect(0x7fd5d4c8c000, 61440, PROT_READ) = 0
mprotect(0x7fd5d4afc000, 4096, PROT_READ) = 0
mprotect(0x7fd5d4d32000, 4096, PROT_READ) = 0
mprotect(0x55dcd732a000, 4096, PROT_READ) = 0
mmap(NULL, 73728, PROT_READ|PROT_WRITE, MAP_PRIVATE|MAP_ANONYMOUS, -1, 0) = 0x7fd5d4ad2000
ioctl(1, TIOCGWINSZ, {ws_row=46, ws_col=181, ws_xpixel=0, ws_ypixel=0}) = 0
writev(1, [{iov_base="", iov_len=0}, {iov_base="\n", iov_len=1}], 2
) = 1
writev(1, [{iov_base="********************************"..., iov_len=37}, {iov_base="\n", iov_len=1}], 2*************************************
) = 38
writev(1, [{iov_base="*** DBSCAN Cluster Segmentation "..., iov_len=36}, {iov_base="\n", iov_len=1}], 2*** DBSCAN Cluster Segmentation *** 
) = 37
writev(1, [{iov_base="********************************"..., iov_len=37}, {iov_base="\n", iov_len=1}], 2*************************************
) = 38
--- SIGILL {si_signo=SIGILL, si_code=ILL_ILLOPN, si_addr=0x55dcd7324bc0} ---
+++ killed by SIGILL (core dumped) +++
Illegal instruction (core dumped)


execve("./libdbscan.so.1", ["./libdbscan.so.1"], 0x7fff795d3ae0 /* 9 vars */) = 0
--- SIGSEGV {si_signo=SIGSEGV, si_code=SEGV_MAPERR, si_addr=0x8216} ---
+++ killed by SIGSEGV (core dumped) +++
Segmentation fault (core dumped)
