
-----File-----

These entries have been added to ghcr.io/danieltobon43/dbscan-octrees:latest:
FILE                                                                                                       SIZE
/tmp/.git/objects/pack/pack-8b4564a884a665699681338b83c531fac7de8f47.pack                                  47.6M
/tmp/.git/modules/external/argparse/objects/pack/pack-cf82b4b08067b0fbfae0ccea4429f191edeebf46.pack        587.9K
/tmp/.git/modules/external/argparse/objects/pack/pack-cf82b4b08067b0fbfae0ccea4429f191edeebf46.idx         53.1K
/tmp/.git/objects/pack/pack-8b4564a884a665699681338b83c531fac7de8f47.idx                                   22.4K
/tmp/.git/objects/b5                                                                                       6.5K
/tmp/.git/objects/45                                                                                       3.4K
/tmp/.git/objects/93                                                                                       3.3K
/tmp/.git/objects/dd                                                                                       3.1K
/tmp/.git/objects/53                                                                                       3.1K
/tmp/.git/objects/f6                                                                                       2.7K
/tmp/.git/objects/59                                                                                       2.7K
/tmp/.git/objects/d7                                                                                       2.7K
/tmp/.git/objects/59/437b1d5ff5cbf134f4d4eb12061fef56f6d6b5                                                2.5K
/tmp/.git/objects/48                                                                                       2.5K
/tmp/.git/objects/45/4ed1e760983852224bd6b33dd27164a096d239                                                2.5K
/tmp/.git/objects/dd/bfac22cde0b590acd3f6c0cdf1d58af0c58953                                                2.5K
/tmp/.git/objects/d7/054cb306dc9475162936db9199b339399d6b2b                                                2.5K
/tmp/.git/objects/53/3886cfba781789aee1ba97d9766f9ac2b0aa39                                                2.5K
/tmp/.git/objects/5b                                                                                       2.5K
/tmp/.git/objects/5b/4a2a7bcba3e43ab21912e646a874682458ef49                                                2.5K
/tmp/.git/objects/21/539c8c28c2800b46fd2eabb08fba9410cf687c                                                2.5K
/tmp/.git/objects/f6/33b37d28df90a4cfb77be90b3b1040f721a98c                                                2.5K
/tmp/.git/objects/b5/6455718faa42a1995db425cd54d0c01fcb4b93                                                2.5K
/tmp/.git/objects/b5/7ae62e4ab3abb79ad2c842947bd103a3d2ddd6                                                2.5K
/tmp/.git/objects/48/0b20b609ff927085f37c85bf009a6c6bdd3c98                                                2.5K
/tmp/.git/objects/f1                                                                                       2.5K
/tmp/.git/objects/89/ec7e8c9543221687fb60897b2f0ddfe0fc71e3                                                2.5K
/tmp/.git/objects/d4                                                                                       2.5K
/tmp/.git/objects/d4/c771d6d070ae4a1b2693b46ca90271d20e05ed                                                2.5K
/tmp/.git/objects/4e                                                                                       2.3K
/tmp/.git/objects/af                                                                                       2.1K
/tmp/.git/objects/fa                                                                                       2.1K
/tmp/.git/objects/fe                                                                                       2.1K
/tmp/.git/objects/3b                                                                                       2.1K
/tmp/.git/objects/f0                                                                                       2.1K
/tmp/.git/objects/26                                                                                       2.1K
/tmp/.git/objects/bf                                                                                       2.1K
/tmp/.git/objects/1a                                                                                       2K
/tmp/.git/objects/17                                                                                       1.9K
/tmp/.git/objects/cf                                                                                       1.9K
/tmp/.git/objects/2d                                                                                       1.8K
/tmp/.git/objects/bb                                                                                       1.8K
/tmp/.git/objects/5c                                                                                       1.8K
/tmp/.git/objects/02                                                                                       1.7K
/tmp/.git/objects/8e                                                                                       1.7K
/tmp/.git/objects/c7                                                                                       1.7K
/tmp/.git/objects/33                                                                                       1.7K
/tmp/.git/objects/e7                                                                                       1.7K
/tmp/.git/objects/f3                                                                                       1.7K
/tmp/.git/objects/a5                                                                                       1.6K
/tmp/.vscode                                                                                               1.6K
/tmp/.vscode/settings.json                                                                                 1.6K
/tmp/.git/objects/7e                                                                                       1.6K
/tmp/.git/objects/90                                                                                       1.5K
/tmp/.git/objects/4d                                                                                       1.5K
/tmp/.git/objects/05                                                                                       1.5K
/tmp/.git/objects/16                                                                                       1.4K
/tmp/.git/objects/94                                                                                       1.4K
/tmp/.git/objects/84                                                                                       1.4K
/tmp/.git/objects/3b/97f7c90d70e1bedc3960ae3174f6e74b511c6c                                                1.3K
/tmp/.git/objects/b5/e1f9d52e61d9391e6de854252ffa62755cef35                                                1.3K
/tmp/.git/objects/90/504c706abd523417b4afac3c4bf6be5eb4ccc7                                                1.3K
/tmp/.git/objects/e9/6ac35d2624e13bb304d4d1d8ed1f31ecf38e08                                                1.3K
/tmp/.git/objects/05/eb7ad0880c2bc0511a279e478beca9e35aa762                                                1.3K
/tmp/.git/objects/fe/c05ee3d19e4740528f198dc37c4b64c11b5483                                                1.3K
/tmp/.git/objects/e4/4a7b703da4ff54964dd9e5af904e1e25f2be26                                                1.3K
/tmp/.git/objects/fb/0a41c9f5b3742327e01a5b60d1e650f96097ea                                                1.3K
/tmp/.git/objects/a6                                                                                       1.3K
/tmp/.git/objects/a8                                                                                       1.3K
/tmp/.git/objects/df                                                                                       1.2K
/tmp/.git/objects/f3/7965cb4f801aae5d3590f9c97b917b49eaf40b                                                1.2K
/tmp/.git/objects/3d                                                                                       1.2K
/tmp/.git/objects/b6                                                                                       1.2K
/tmp/.git/objects/81                                                                                       1.2K
/tmp/.git/objects/b9                                                                                       1.2K
/tmp/.git/objects/7c                                                                                       1.2K
/tmp/.git/objects/8c                                                                                       1.2K
/tmp/.git/objects/97/9886715a4a799208effe61b813fa160e718054                                                1.2K
/tmp/.git/objects/f9/90a18e7c8897a7a4a102614fd5fb42b78c842f                                                1.2K
/tmp/.git/objects/15                                                                                       1.2K
/tmp/.git/objects/5e                                                                                       1.2K
/tmp/.git/objects/32                                                                                       1.2K
/tmp/.git/objects/2f                                                                                       1.1K
/tmp/.git/objects/b8                                                                                       1.1K
/tmp/.git/objects/e6                                                                                       1.1K
/tmp/.git/objects/65                                                                                       1.1K
/tmp/.git/objects/f7                                                                                       1.1K
/tmp/.git/objects/04                                                                                       1K
/tmp/.git/objects/4f                                                                                       1K
/tmp/.git/packed-refs                                                                                      1K
/tmp/.git/objects/d0                                                                                       1K
/tmp/.git/objects/3e                                                                                       1K
/tmp/.git/objects/f5                                                                                       1K
/tmp/.git/objects/fd                                                                                       1K
/tmp/.git/objects/fa/6548145d2e302d28e189c44785e00be0e722cf                                                1K
/tmp/.git/objects/b8/0b2a2d836a64813d11fc0975584dc07ec0584a                                                1022B
/tmp/.git/objects/ed                                                                                       1021B
/tmp/.git/objects/4f/c628662e93800dcd85a3e3d8acd1756b0c68fb                                                1017B
/tmp/.git/objects/f0/bc50b7196c1758074b51b56d9dd4c4d0fb6c02                                                1015B
/tmp/.git/objects/68                                                                                       992B
/tmp/.git/objects/7e/84a100f2a77e721dc189b7a278c8295bd1b1ae                                                952B
/tmp/.git/objects/28/0bf4a4121c6599bb226b42d7d628ab59c10324                                                949B
/tmp/.git/objects/1a/c3a9fc89c1643b6ba0cacbd225c2bc88ea3827                                                947B
/tmp/.git/objects/f2                                                                                       946B
/tmp/.git/objects/33/b83f749a519ef0a40536a7c47b66fc68c2b6f5                                                945B
/tmp/.git/objects/bf/511e3b64f9f944618a805a03b96437dbb61ddd                                                940B
/tmp/.git/objects/ff                                                                                       936B
/tmp/.git/objects/ff/309010dbc87854f4f6d8a0f3590f0ac521a874                                                936B
/tmp/.git/objects/d9                                                                                       932B
/tmp/.git/objects/d9/19e9018bb23a2d21dbd7f1b87ccd669516513c                                                932B
/tmp/.git/objects/4d/d09415a187a8777d2ad72788f70b57fff41d25                                                930B
/tmp/.git/objects/93/ca7d02ac5084525ec97e53a488a250cb22b160                                                927B
/tmp/.git/objects/d1                                                                                       927B
/tmp/.git/objects/97/08732af6a15cf7abb5db74f25dc896f5dad18d                                                912B
/tmp/.git/objects/b0                                                                                       909B
/tmp/.git/objects/91                                                                                       907B
/tmp/.git/objects/91/6a4a901c50ec9e28329cc00a0d6a6f7f59bae0                                                907B
/tmp/.git/objects/4e/21a9850c58c40472f82d95e05332f943d2fd92                                                902B
/tmp/.git/objects/45/fc38e4e7450d25e31b568b66c2c944017e95c7                                                899B
/tmp/.git/objects/79                                                                                       867B
/tmp/.git/objects/ad                                                                                       867B
/tmp/.git/objects/ad/8cbe97416dc5439bc865d5e6c7c9b303579d71                                                867B
/tmp/.git/objects/16/ed218f0bdb05e9ad3f581a170f07d53683677b                                                862B
/tmp/.git/objects/94/4852ac64a62824ab036386fd2442900547e752                                                855B
/tmp/.git/objects/86                                                                                       853B
/tmp/.git/objects/86/4aa5089bbb0114e6f4472a589ff07e7024bc87                                                853B
/tmp/.git/objects/68/a48e8677dd489097f6757502bc5a8938d34952                                                848B
/tmp/.git/objects/04/9bc579e586934a06329d0bd043894e1992d424                                                842B
/tmp/.git/objects/10                                                                                       841B
/tmp/.git/objects/10/16a646aa2562808c5d95ef589b0f4c038ada14                                                841B
/tmp/.git/objects/af/d371434785ed3a975b9f5457970ad54eeefbb7                                                833B
/tmp/.git/objects/a9/943c333dfb260893821426dd61f67b49b3fb46                                                830B
/tmp/.git/objects/af/60bf9061a079b4a07662f2216eaa8d7a81db64                                                829B
/tmp/.git/objects/f2/4b19f6e773896627e3281d01e19713bc8fa0fd                                                828B
/tmp/.git/objects/fb/5c191c556ce209c83ce7aa30aa5160c7c52729                                                825B
/tmp/.git/objects/93/24ef580ee1080909d3807dbd0f000f48466de1                                                819B
/tmp/.git/objects/98                                                                                       804B
/tmp/.git/objects/58                                                                                       800B
/tmp/.git/objects/29                                                                                       797B
/tmp/.git/objects/2b                                                                                       797B
/tmp/.git/objects/46                                                                                       783B
/tmp/.git/objects/73                                                                                       767B
/tmp/.git/objects/97/8da16ed940751450f98a459b70c5e74d744969                                                748B
/tmp/.git/objects/ef                                                                                       740B
/tmp/.git/objects/22                                                                                       739B
/tmp/.git/objects/67                                                                                       733B
/tmp/.git/objects/c3                                                                                       733B
/tmp/.git/objects/c3/8678ab559467df6b7bdff4805eba0e52570458                                                733B
/tmp/.git/objects/6f                                                                                       715B
/tmp/.git/objects/27                                                                                       712B
/tmp/.git/objects/7a                                                                                       699B
/tmp/.git/objects/44                                                                                       674B
/tmp/.git/objects/50                                                                                       674B
/tmp/.git/objects/70                                                                                       673B
/tmp/.git/objects/75                                                                                       673B
/tmp/.git/objects/aa                                                                                       673B
/tmp/.git/objects/ea                                                                                       673B
/tmp/.git/objects/f9/c7e277abcf816eb468ae7f532e4037286de79c                                                661B
/tmp/.git/objects/56/ad1e1d014c14cf6110acb83e46de374d9121b8                                                659B
/tmp/.git/objects/36                                                                                       654B
/tmp/.git/objects/5c/a368ab7fede869d23ae65a152e3fc091676575                                                623B
/tmp/.git/objects/d8                                                                                       623B
/tmp/.git/objects/d8/78789ea152fb9cd03286e4ddf793c92fe4a96b                                                623B
/tmp/.git/objects/03/69d742e8a5944d6c817c88a595a79439e4e632                                                622B
/tmp/.git/objects/14/579026b838451442479e97bbb2ef2c1a560cf8                                                622B
/tmp/.git/objects/14/d9eabb7edc47658eeef8f80552bdc087f59722                                                622B
/tmp/.git/objects/15/935e5256b285d653a3537f1fe25395549a5365                                                622B
/tmp/.git/objects/16/1f6ac1fc448294ac2752ab857fcbe7964b4126                                                622B
/tmp/.git/objects/17/da4dd843259ae479480909cae573ec9df6c747                                                622B
/tmp/.git/objects/27/104286b37668cbc9836ee715fa2db6530f7d4d                                                622B
/tmp/.git/objects/2a/06ee371061ef472789285b87897d75f9349a61                                                622B
/tmp/.git/objects/2d/74c2a1760d1253c21b6d92da6e79fcb477f0d6                                                622B
/tmp/.git/objects/2e/3f2c0311bed5e0577fd392ad74f9d4523ee1ec                                                622B
/tmp/.git/objects/2e/4579d43c07ba8a51c38c54527bafe4e68fb7de                                                622B
/tmp/.git/objects/40/368a1a7f7c0588ffe742bf0be44e559630f350                                                622B
/tmp/.git/objects/44/f05d52a026262368b170d45cf62438e1a78211                                                622B
/tmp/.git/objects/47                                                                                       622B
/tmp/.git/objects/47/dee997a3c1c02544e07536c0a1a015c3290245                                                622B
/tmp/.git/objects/4c                                                                                       622B
/tmp/.git/objects/4c/85db0834e1eabe49180cb9ac290e276a81c54d                                                622B
/tmp/.git/objects/50/2bedc7c0e7ae550d7085e0469863928e250623                                                622B
/tmp/.git/objects/57                                                                                       622B
/tmp/.git/objects/57/da97285847c81734defb42d837135727a3057b                                                622B
/tmp/.git/objects/6b/7d59bcafa41cb41f28f87e681bae7211762ee4                                                622B
/tmp/.git/objects/6d                                                                                       622B
/tmp/.git/objects/6d/2f16f7810388a2cf3ec377d4b200178d18bcca                                                622B
/tmp/.git/objects/6e/a083638ed56199a4c35353215444e39883de4f                                                622B
/tmp/.git/objects/70/1eb1412dad796c8a7b3fe103243cd3c675aef0                                                622B
/tmp/.git/objects/73/017e2e3daff15e76323452fce12968342bbef4                                                622B
/tmp/.git/objects/75/a16ad7b28f6d9f3314860fa88423cb7cd1c1f6                                                622B
/tmp/.git/objects/78                                                                                       622B
/tmp/.git/objects/78/667f76273ac67fd6aa2fe5f5b3bfe0d4f4867f                                                622B
/tmp/.git/objects/7c/e060f25a1aca6b91e1913a8a9687b6545c4314                                                622B
/tmp/.git/objects/7e/10b66b66592319baef60899f1797cc6caa1d96                                                622B
/tmp/.git/objects/80/1f211e1cef26a88d161d164bb535b15b849bf8                                                622B
/tmp/.git/objects/8b                                                                                       622B
/tmp/.git/objects/8b/4644ac93c25bdcb3e94c10f28bbe8d0d5e475b                                                622B
/tmp/.git/objects/8c/76191efa6ff4ef40579500b57f3ad5001f3e27                                                622B
/tmp/.git/objects/8e/3c2d82e201c542a83f55349eea73b428b489df                                                622B
/tmp/.git/objects/a5/21388bea872e49392af66bcc6c2831576b294a                                                622B
/tmp/.git/objects/a6/508d7b95e235d88a0dc1957c8bbf7ca1e699e2                                                622B
/tmp/.git/objects/aa/afd062eb2b599a770be162c87856f2d2dbcd06                                                622B
/tmp/.git/objects/ab                                                                                       622B
/tmp/.git/objects/ab/f7a687e3495e8d6def0aed4a6fd17798520aa2                                                622B
/tmp/.git/objects/b2                                                                                       622B
/tmp/.git/objects/b2/943bd88ea5e3b1bdc42b89e720369a271155e8                                                622B
/tmp/.git/objects/b9/4f9e37b13a9a4f25432e867f6ed0cf2ca0895c                                                622B
/tmp/.git/objects/bb/0c5c6646bdd227273edee8e2f35a43ec8e2ae4                                                622B
/tmp/.git/objects/bb/e947860f94a37de95915a577d38cc851c130aa                                                622B
/tmp/.git/objects/ce                                                                                       622B
/tmp/.git/objects/ce/afd374aec66cc574d0a0df4d10c7fa5bc2d5f3                                                622B
/tmp/.git/objects/cf/ada0ef38b1eb6db39e641f63d2ea2339f30302                                                622B
/tmp/.git/objects/d1/85d8352bf82c5a0368e32e25ab9819aea29b54                                                622B
/tmp/.git/objects/dc                                                                                       622B
/tmp/.git/objects/dc/5a8309b86eb4b9dbd2a6da545987f11e697df3                                                622B
/tmp/.git/objects/df/78ce15284e06bb1bcc4f2a50a56ccb1e3dda2f                                                622B
/tmp/.git/objects/df/ba5104d6534929d921f4784a202264c58540db                                                622B
/tmp/.git/objects/ea/05b5486d748156e3c83fe50458d55628c0ee04                                                622B
/tmp/.git/objects/f1/f648c6764b337f66b6d7373d6ee54d13bb1fb2                                                622B
/tmp/.git/objects/02/0e36e2da17da0b72965e67287e8d4e11d492f0                                                621B
/tmp/.git/objects/12/2791acb0942cb6ff6e118a991456e01401ff69                                                621B
/tmp/.git/objects/1d                                                                                       621B
/tmp/.git/objects/1d/2c74d33162c9ef9a6dfb7407e6be2320362421                                                621B
/tmp/.git/objects/21/336a36c30f3b81c249f7764cfd97ef3e68edb6                                                621B
/tmp/.git/objects/29/50ef2282baf8cdd339a356e136494a6c3f9101                                                621B
/tmp/.git/objects/2b/e9ff6fab8e7c3b4f1214c7900d8d8e64f2373e                                                621B
/tmp/.git/objects/2d/c2f80772faf4e60e289dc18b6047e90c78c454                                                621B
/tmp/.git/objects/32/e388010b54937312f22ca2078b95e6f191c33d                                                621B
/tmp/.git/objects/33/d13e789771fe04f0043b4beb22f69a2e6cda0a                                                621B
/tmp/.git/objects/3b/fb2ca33bf40d7f1c8240229409382d65d0d796                                                621B
/tmp/.git/objects/3d/95a80544cc2af3795f1a7e8dda249d3eefb5e1                                                621B
/tmp/.git/objects/3d/be1606d986892c2660c6ec48d941921ad7888f                                                621B
/tmp/.git/objects/42                                                                                       621B
/tmp/.git/objects/42/52087257b8b19993739f4bb65cbdaefb6d4728                                                621B
/tmp/.git/objects/51                                                                                       621B
/tmp/.git/objects/51/fc5a34f87262256ec7f104d062173736bbd8d1                                                621B
/tmp/.git/objects/54                                                                                       621B
/tmp/.git/objects/54/d4e6f34780515dd03924f6ba3ef6b003546e8f                                                621B
/tmp/.git/objects/55                                                                                       621B
/tmp/.git/objects/55/fe4690c510b13a01f2d97d2e33751ac581b353                                                621B
/tmp/.git/objects/5c/b219659217fae4dafa2fe3a79c71a0b635b1f8                                                621B
/tmp/.git/objects/5e/803be3c45f21f78628efa89129adf3d3754742                                                621B
/tmp/.git/objects/63/12a557ff85f63fe2f8ff918edbc63ca954021d                                                621B
/tmp/.git/objects/77/9a6b22fed77e8e6c5f9b33d1e975ada04b7b30                                                621B
/tmp/.git/objects/79/065289feea1559f490790c2134fef5069a079d                                                621B
/tmp/.git/objects/97/5b8181713b23f82e7b64f3797156c2b7eeb7a2                                                621B
/tmp/.git/objects/97/749bf565fccdf60909d46198daa4924a8f0c8b                                                621B
/tmp/.git/objects/98/5c52b85ae7f9b41405a1716475258871e601fa                                                621B
/tmp/.git/objects/99                                                                                       621B
/tmp/.git/objects/99/dff3a93e9b25a98927d62722113497d3488dbe                                                621B
/tmp/.git/objects/a4                                                                                       621B
/tmp/.git/objects/a4/dfd8974c7943b42174ebdea622c6fae71d5fa5                                                621B
/tmp/.git/objects/a6/93d30b9c439c6d36bfe6a2e810dc658df188d5                                                621B
/tmp/.git/objects/a9/791716d7a1f55fe1b2d3a62b42e0029311a13c                                                621B
/tmp/.git/objects/b0/9f4d43b57c6c16be45366e6ed20a36c53d632b                                                621B
/tmp/.git/objects/b4                                                                                       621B
/tmp/.git/objects/b4/6e6e2aa160e1b65b1664ec03ee5c8d44896c37                                                621B
/tmp/.git/objects/b6/1cb1348255caed9a84814484c9c1dfc4e6020c                                                621B
/tmp/.git/objects/c0/0f6074d4a14bcd775fb44de058dc0eb008e385                                                621B
/tmp/.git/objects/c2/597036b430133a371bf8c39e909bed9bbfddd9                                                621B
/tmp/.git/objects/e9/0dba9c71dd4815f2ff0c76542ef89ea41b2e11                                                621B
/tmp/.git/objects/ed/220c139b77b92ef289b67ed7737dc9ce8a5491                                                621B
/tmp/.git/objects/ef/f3718c7e580e2ab79049ee7792978a4882d638                                                621B
/tmp/.git/objects/f7/7fb3cf7eaffe54a83ce5fc376e8f7344c3a844                                                621B
/tmp/.git/objects/fd/760b307f3023620d68d21e281340921d33ad45                                                621B
/tmp/.git/objects/76/e936301259dd740c88095391c5798e863e6cea                                                620B
/tmp/.git/objects/84/f71ba0570485b877da40c1253b2f46ffed43da                                                620B
/tmp/.git/objects/bf/aa87ea36e54e1fa14d81e44aec167740b8c400                                                620B
/tmp/.git/objects/e7/281358f5bbdf7cf75a9f302d2542fbbab1848c                                                613B
/tmp/.git/objects/a2                                                                                       610B
/tmp/.git/objects/a2/324745a25515110251136a207595daec7c6068                                                610B
/tmp/.git/objects/f1/0ac4042873e05ce7e1fe7648d29f1affe48780                                                610B
/tmp/.git/objects/00                                                                                       606B
/tmp/.git/objects/13                                                                                       606B
/tmp/.git/objects/ee                                                                                       605B
/tmp/.git/objects/4d/8c0e3c3891c6e783dea2750dbc9ab989f17465                                                603B
/tmp/.git/objects/2c                                                                                       586B
/tmp/.git/objects/58/f158f183856f8ba6a8c8d88ffa084883c528e2                                                573B
/tmp/.git/objects/6f/8c02b76931bdbd029eb87fad5f158f9d9d76e1                                                571B
/tmp/.git/objects/30/df9e96ca88cbb717678067c988244c8aa9755e                                                570B
/tmp/.git/objects/ac/ec4b243a471675613904087c473760438b86be                                                569B
/tmp/.git/objects/b6/fa5e399b2748ce0e3391792d563de6e8105619                                                568B
/tmp/.git/objects/fc/d84dc9df85c910312083b25c603ada80c30dcb                                                568B
/tmp/.git/objects/15/9a6d40bca0aba76fe40827d5697ac4b528c25a                                                567B
/tmp/.git/objects/8a/6834f0579ad961c18d2ba9cbe30f8da42f0791                                                566B
/tmp/.git/objects/2f/24820a6a8c5939e59528950d7353c19c412569                                                563B
/tmp/.git/objects/5e/366042db289ccbeaaa7e8d257e20bc55b3d59b                                                563B
/tmp/.git/objects/cf/e48fb8c2896a07bc229fc809f996763ef24f40                                                563B
/tmp/.git/objects/f0/33430f6370df6e341c788834283d7b4318ace2                                                562B
/tmp/.git/objects/85                                                                                       561B
/tmp/.git/objects/85/af12de0a8cb892d070e3e66c8f53e8c6411bb6                                                561B
/tmp/.git/objects/a8/49a24c4a7a40bca9afc1da86e8a404fd5825ce                                                561B
/tmp/.git/objects/2d/6130b08556f16858ec07518907c79f5dbb3631                                                560B
/tmp/.git/objects/e6/195f109d9ae565c45da77f315b4a924a9ba5f7                                                560B
/tmp/.git/objects/02/746fa4c0a85602e8bde01e63f113a8497c5d71                                                559B
/tmp/.git/objects/24/46fcce018f790c53578381c4745a97e73fff1d                                                559B
/tmp/.git/objects/26/149be5bd7e5ca5aea0af65bd9f9c2453c44036                                                559B
/tmp/.git/objects/35/aa6dda514edbfb8c19e44efb947780399831f0                                                559B
/tmp/.git/objects/8e/76ce44f5448947015899a5aa78a34d279d8734                                                559B
/tmp/.git/objects/17/d97a0e1f6b12c068545cfb94bcd0b94829d621                                                558B
/tmp/.git/objects/1a/1215be263e36458ae8fef3f42a71ed0c5dd971                                                558B
/tmp/.git/objects/26/3af72f4dae8bfb486c6afa4882e712be42f306                                                558B
/tmp/.git/objects/4e/48a040509cda4d716da1fe4b1ca849b907ffb3                                                558B
/tmp/.git/objects/53/7433fc584b61b6bfac1cd5a74bfb379d9c220e                                                558B
/tmp/.git/objects/61/872705fa7f5ec625ee4bc1d478959fa27e7a9e                                                558B
/tmp/.git/objects/c7/cd64f4d8287e572526f13ecd5e2b0e339c17d3                                                558B
/tmp/.git/objects/e7/ce84caaadc286f5380944a794fc49f87631e73                                                558B
/tmp/.git/objects/02/dafa4bb4abc5a96c1b791602bedf0feef45da0                                                557B
/tmp/.git/objects/12/d407f5efcc083604aba37009dba718ec46fc4a                                                557B
/tmp/.git/objects/14/4816aaeb664bfa2b6ba81050781b5cee60087e                                                557B
/tmp/.git/objects/32/c903295c5d64ff8a3915ff77687c864bc12d7a                                                557B
/tmp/.git/objects/67/fe95a6873cde10e0782d59193b09704d86930c                                                557B
/tmp/.git/objects/69                                                                                       557B
/tmp/.git/objects/69/c75fcfb4078a10bc589a814c6f67a20c7a7b4e                                                557B
/tmp/.git/objects/81/cf6db350cbd7fde0c47e3fd24164940c2a4205                                                557B
/tmp/.git/objects/a8/0746b37d9ab5d596c34cebcba8f0b2452fbbc0                                                557B
/tmp/.git/objects/b9/fbf61c01485c5758fef030bbdedfff057999b8                                                557B
/tmp/.git/objects/bb/ab951f469148b6ae5f8da82fa5028dcfbe5911                                                557B
/tmp/.git/objects/dd/93cbe280d0e472182f34ba1b76b6bb454c2f8a                                                557B
/tmp/.git/objects/f0/8a753c6ab6a0d836e83080bd6dc19b5a67e4e3                                                557B
/tmp/.git/objects/fc/a70fa07393316b96b9845d9b43e836e3794bfe                                                557B
/tmp/.git/objects/06/5c4ec44195a0754274ab6e92684e1df0fedbfb                                                556B
/tmp/.git/objects/17/2d60a8ea2dbffa9901a3f9789b85abc0235ec6                                                556B
/tmp/.git/objects/1a/dae4ae779ebd0edd74c8f5c3f56a6756192bdf                                                556B
/tmp/.git/objects/65/5e7f64d820521d3523af9ed052f7008ec91e86                                                556B
/tmp/.git/objects/6a                                                                                       556B
/tmp/.git/objects/6a/6fa66e6dccf9b098eeb759051b903af98db315                                                556B
/tmp/.git/objects/81/ae75b43c78468cd17a4b5929b635c7d9f605aa                                                556B
/tmp/.git/objects/8e/5beb3c8fd48e3c4dc70a541db7b177e23e5fa5                                                556B
/tmp/.git/objects/93/1d501e41142082762bc34efd1078ab305d3ffd                                                556B
/tmp/.git/objects/93/ba51cefc684000191da1d753454117e65f8f9f                                                556B
/tmp/.git/objects/94/8fa16420e5d15212dcb0e4f3269e513f6e5cbe                                                556B
/tmp/.git/objects/9d                                                                                       556B
/tmp/.git/objects/9d/680140edf72870403139ea58d49bdff2aa7b87                                                556B
/tmp/.git/objects/c2/0d45fdc632cd52e0ba0dc9e1bcef2df91bebb4                                                556B
/tmp/.git/objects/d6                                                                                       556B
/tmp/.git/objects/d6/80459db4e8273871c907e13eb31f0a99b1e9ee                                                556B
/tmp/.git/objects/e6/10a2aaf9f5b057457be36468d8c07fab5ac6f3                                                556B
/tmp/.git/objects/f5/0467e93c4b027d11b00a5a5d268647c12fd984                                                556B
/tmp/.git/objects/fa/5919c75fe44e60e958fc1056f9b9a2cd42e00b                                                556B
/tmp/.git/objects/13/ac6212e1a403aac6e49a16af501ad477c18e69                                                555B
/tmp/.git/objects/46/000009e23a6697acd81d048e023b5d78a7634a                                                555B
/tmp/.git/objects/5a                                                                                       555B
/tmp/.git/objects/5a/4a6cb11be76076beccf08c470fafbbeed879f5                                                555B
/tmp/.git/objects/7a/816ac3b859f6ec61e559d8d8a77056f0e29066                                                555B
/tmp/.git/objects/a5/b28a62168a2eb2f3752ea93f8bcfca32487179                                                555B
/tmp/.git/objects/bf/6069c646a0fa27952aca53148828315c362668                                                555B
/tmp/.git/objects/cd/55eafec88e65de985cb00369bffeb692513d08                                                555B
/tmp/.git/objects/d0/d84e326196299f3171e7b73c2735ff3103bfb0                                                555B
/tmp/.git/objects/fa/33102485e1935005ba7d303f659963b9332e91                                                555B
/tmp/.git/objects/00/5201d9965fe8ae1d8527953e2507d51654917c                                                554B
/tmp/.git/objects/2e/2ef018a41c25f898e607a5b6878aa236ebd276                                                554B
/tmp/.git/objects/2f/ace2daa7f32345dc2e9e687e6ce7a8b8d64968                                                554B
/tmp/.git/objects/65/c5b55add52f50860187e568f5ff24465bff241                                                554B
/tmp/.git/objects/7c/649488dc811a06d6417c0b2407b90c400b6111                                                554B
/tmp/.git/objects/84/ef0043c2f867b5d8b7bdfa082ce47dc2aa2f03                                                554B
/tmp/.git/objects/8c/07bb7ad8ccaf0d1f618375ea152ffcee2c2ec2                                                554B
/tmp/.git/objects/cf/fc2ab9c021c702f385ee1299b3df1825e39e65                                                554B
/tmp/.git/objects/ee/c5123c80e72ff82fc9959d59867da3bac9bc19                                                554B
/tmp/.git/objects/0d                                                                                       553B
/tmp/.git/objects/0d/0ee0c6c1a75dce30fef175712fbd2e24d90185                                                553B
/tmp/.git/objects/9e                                                                                       553B
/tmp/.git/objects/9e/3f2add0efcaaec7057d5e92e49663c58c79658                                                553B
/tmp/.git/objects/a9/f9cede0d9f9e28c82f17313a8ce277033b8ee5                                                553B
/tmp/.git/objects/da                                                                                       553B
/tmp/.git/objects/da/13e75e57a7901e95cd2dcdcb189b0da670b181                                                553B
/tmp/.git/objects/e7/548c03b273d31e70266c96dd41e2cd112ff13e                                                553B
/tmp/.git/objects/f1/64406977bdfa6b923179fd3259be85ea16b356                                                553B
/tmp/.git/objects/3e/ae7dfc0a8a0b3a822e870c4002f604fa91fb3e                                                552B
/tmp/.git/objects/5c/50b77c69f3d79865cdd2a44fb9b818ae692a06                                                552B
/tmp/.git/objects/76/cccaa13893218504da82c9bad83f673e6c5a99                                                552B
/tmp/.git/objects/9c                                                                                       552B
/tmp/.git/objects/9c/ddd34bcd0d254a4cfd21bdff0208dc1b46ebbd                                                552B
/tmp/.git/objects/20                                                                                       551B
/tmp/.git/objects/20/70141d051efc25a7dd5ac7b48e395e3556551a                                                551B
/tmp/.git/objects/43                                                                                       551B
/tmp/.git/objects/43/eb879ed7502dfa923857fdfb5c58b72893e6b6                                                551B
/tmp/.git/objects/f1/6c93e1bfd76de78a10a6a05ba77ae0865b3b36                                                551B
/tmp/.git/objects/c7/5f10695e71a41f8e0d7dfc5bf5069241e6f9e7                                                531B
/tmp/.git/objects/f8                                                                                       527B
/tmp/.git/objects/f8/af961fb20f52248048085203bbc506ad4d9ea9                                                527B
/tmp/.git/objects/fe/d9ce2c4082894c742477ef22f15f4ab6aaefb4                                                522B
/tmp/.git/objects/c6                                                                                       520B
/tmp/.git/objects/c7/413427b790f0a1e5d42ed879f7b904bdfa3ee7                                                517B
/tmp/.git/objects/0b                                                                                       514B
/tmp/.git/objects/0b/d4dd52f97ed422951afdc5d4e591b2189f6f04                                                514B
/tmp/.git/objects/36/767eb248976c4b0608d650f01b1fc3880442d8                                                510B
/tmp/.git/objects/26/873bc0563f3af08cf5136397135d960a252eb1                                                504B
/tmp/.git/objects/af/83599e58905f609bf4062e03d1ba1e23d68d30                                                504B
/tmp/.git/objects/a5/37ee16692f4f7c1bc36615c9e6fc194b32c8c0                                                503B
/tmp/.git/objects/9b                                                                                       501B
/tmp/.git/objects/9b/3196a762487e4025a6235b0f7c5005d0c9b6ae                                                501B
/tmp/.git/objects/4e/106826abcb72df555059b73df37ae48903afcc                                                500B
/tmp/.git/objects/26/f092317ee8d0055f636e63f394bcf9559ad3f5                                                498B
/tmp/.git/objects/d0/1ddf745bfdea22481b7626a3096fec1e259f27                                                497B
/tmp/.git/objects/f5/2c7f04e7b92db49622d77a23a2f76f72507c92                                                491B
/tmp/.git/objects/93/c285cc1709cc9194d7f93a9ec39800d49312ce                                                490B
/tmp/.git/objects/ba                                                                                       488B
/tmp/.git/objects/ba/0a995897ed1149e093a2f382a537761ee62335                                                488B
/tmp/.git/objects/d5                                                                                       484B
/tmp/.git/objects/d5/6627b6843032eff932a6ebe2b5877634274073                                                484B
/tmp/.git/objects/71                                                                                       480B
/tmp/.git/objects/71/1676fbf7f3b1dbcfc4a6b21f5e189c5b07c2e3                                                480B
/tmp/.git/objects/a0/da2b7dd88706a199bc786365270fab15d895f1                                                475B
/tmp/.git/objects/c6/197668bfc7231e04206612d296b3495b0d130f                                                469B
/tmp/.git/objects/2c/83a6932664e6e1834c8fb9d4ad725251f8112e                                                468B
/tmp/.git/objects/22/e66695c96698d08be90ed9bd1e7f9e3001aee2                                                467B
/tmp/.git/objects/f7/ba85432db38e884de56429d54b7fc191098240                                                467B
/tmp/.git/objects/ed/2284b775e9e37e453b4871804fdd70f2645068                                                400B
/tmp/.git/objects/31                                                                                       399B
/tmp/.git/objects/25                                                                                       390B
/tmp/.git/objects/7f                                                                                       388B
/tmp/.git/objects/7f/4543cde6aedff676052cee1e9671d7fbede527                                                388B
/tmp/.git/objects/25/2acadabf7d11a65a071b0fa635543bdcd2c522                                                338B
/tmp/.git/objects/f3/3a4d4fb230954858186ed4e4f237dd07af8c60                                                328B
/tmp/.git/objects/77/41b21b2547f0063665e4f4402e92ab7a557b9f                                                323B
/tmp/.git/objects/3a                                                                                       312B
/tmp/.git/objects/3a/d8dcb2d8045bd6ba35796d77e502fa036ed105                                                312B
/tmp/.git/objects/3e/8351e76bc93081ab3c12ab49a9d57dd5ed39ae                                                288B
/tmp/.git/objects/b0/2cd761ba0695059b5123ea4ba76c457fd19062                                                288B
/tmp/.git/objects/22/9f410bfb0558d7714e846ba4c2798514d1bd4f                                                272B
/tmp/.git/objects/4e/449297ab6cd112a01b7c5eac53221e68c9b912                                                257B
/tmp/.git/objects/d1/d2d11bf41bf81d837402a0daec0643e419d201                                                254B
/tmp/.git/objects/e0                                                                                       237B
/tmp/.git/objects/84/ddac319ee622b0acb1155cad27fc0ecdc2f20e                                                216B
/tmp/.git/objects/3e/613af1bee83f49c0800d7bef440c76cf7663dc                                                208B
/tmp/.git/objects/e1                                                                                       201B
/tmp/.git/objects/e1/8f8acc944f511c1bc44f38916b76971a1dfc9b                                                201B
/tmp/.git/logs/refs/heads/master                                                                           200B
/tmp/.git/logs/refs/remotes/origin/HEAD                                                                    200B
/tmp/.git/objects/18                                                                                       183B
/tmp/.git/objects/04/5a790c17919d5ee5a6a6847d34a92337827bdc                                                176B
/tmp/.git/objects/08                                                                                       176B
/tmp/.git/objects/08/b7e1f74d73febac614c4eca33798043933998b                                                176B
/tmp/.git/objects/11                                                                                       176B
/tmp/.git/objects/11/fb9ece425c001902846b8b98cb743b7894d7c4                                                176B
/tmp/.git/objects/29/d15ffdbc5f6242891998da1349b8a4a4ece4b6                                                176B
/tmp/.git/objects/2b/67f34b23a6b68c67608bdc2ead701d6815074e                                                176B
/tmp/.git/objects/30/7d502b5cc2722f4c846d1456cfe9860d5c5e9e                                                176B
/tmp/.git/objects/46/a4d5cbecd6442e7d7b7d3aa0b655190e37b7bc                                                176B
/tmp/.git/objects/58/f2db680673db3b11d177782518bb7d1cc4b6af                                                176B
/tmp/.git/objects/67/433a64d798806d69d60b2c1516f2cf9ddabbc9                                                176B
/tmp/.git/objects/90/0860f7c15e9348a69919fba31e45a4f52dbc67                                                176B
/tmp/.git/objects/ac/e953d46e7045bd9d3e46212c9aa6855d9496b7                                                176B
/tmp/.git/objects/b5/5dda0c4d0c5ea3a283b6e5d948692facc09b3f                                                176B
/tmp/.git/objects/31/0f074df5e32fda7a4909ea0e3760b01c896842                                                174B
/tmp/.git/objects/31/e9a03aa2f429342f4efea6e437bb111426e992                                                174B
/tmp/.git/objects/cf/1c00e4541ab436f43c46929236fa11540381b2                                                174B
/tmp/.git/objects/f6/34d62ca7b4c8a0703b9fc0b91b5b709964b35b                                                174B
/tmp/.git/objects/2a/8034845466107050f9c5ec9272a7c113357653                                                173B
/tmp/.git/objects/19                                                                                       170B
/tmp/.git/objects/3b/c045c2713f6354bf819476dadd13e36e9c2f30                                                145B
/tmp/.git/objects/73/246ee38f3a7dab6c8ebcaee4a18d4bf748822d                                                145B
/tmp/.git/objects/05/08ef35733509da3cc72098d1dfe95667045590                                                144B
/tmp/.git/objects/17/2bf280952427ae4bdaac5f3b14002755cbe6eb                                                144B
/tmp/.git/objects/36/1bef0d298072f5ac8f81db52d94bc5636abd32                                                144B
/tmp/.git/objects/4e/27dd1c4c8336105e800585c4c8bc3e577ce0b5                                                144B
/tmp/.git/objects/61/c3d47a3c88850d303cf7ce329f07ddffd69b19                                                144B
/tmp/.git/objects/68/ac89d7a68eef99a03a1137e074b47222d95dca                                                144B
/tmp/.git/objects/6f/ae14d33bb871f38f970d0fec989f19c0f5d2ba                                                144B
/tmp/.git/objects/79/06313bba14cb7fd0cbdf9ad60a4bec3c2131c9                                                144B
/tmp/.git/objects/7a/5c8cda6eb505b19fa1ccc5eaf1fb6ef6b32532                                                144B
/tmp/.git/objects/82                                                                                       144B
/tmp/.git/objects/82/1d9841a7e885ebb9b8220e83cba949f3147737                                                144B
/tmp/.git/objects/89/8abe3be18ca4dc3601cd334a2adfce852d930a                                                144B
/tmp/.git/objects/89/f3e866923ad4a3bc45db8201f76d8cec8f151c                                                144B
/tmp/.git/objects/b7                                                                                       144B
/tmp/.git/objects/b7/fc1ddeb4d2de8a7184ad6f1ffcc03d380fde23                                                144B
/tmp/.git/objects/b8/edd58a7ad85ac7bfc67db8afe798121737d9e7                                                144B
/tmp/.git/objects/c8                                                                                       144B
/tmp/.git/objects/c8/af64ce0806e820a52e31785df50e132356b7a8                                                144B
/tmp/.git/objects/d7/8dbc5123f6e5b03f6ad327f5c4b6c8698040ca                                                144B
/tmp/.git/objects/e9/74d58a1c051de8fdfecc3619314f1a909213ec                                                144B
/tmp/.git/objects/f1/45cbfbe272416b5c44920e19a519315d633abf                                                144B
/tmp/.git/objects/fd/3ffbc0e846c0f4ba3b587002c31558a33da594                                                144B
/tmp/.git/objects/fd/fe2f45a3bdc2e404f596918e6e584750d1ab69                                                144B
/tmp/.git/objects/fe/f99a62f656a46b160b568755a7abddcbf6d19d                                                144B
/tmp/.git/objects/34                                                                                       142B
/tmp/.git/objects/18/456e22734187f0d4c302addbf9296c3ed8a22c                                                132B
/tmp/.git/objects/40/c7ac95f632e3bed54ca05d7224945f42e77d11                                                132B
/tmp/.git/objects/59/35e2d38e1951b15fb58b141f22c7276262da36                                                132B
/tmp/.git/objects/64                                                                                       132B
/tmp/.git/objects/64/04f1b44e3a4352b55edf8d7c03a37f843f70e9                                                132B
/tmp/.git/objects/98/26ed44a8c109bfee916bd29a1744bffab1af3b                                                132B
/tmp/.git/objects/ca                                                                                       132B
/tmp/.git/objects/ca/3d9bce39cf0970c7aefb2fe000e7e13b855115                                                132B
/tmp/.git/objects/fd/b76fc86bcbbc5de65a5b1b7352b6eea66a01b9                                                132B
/tmp/.git/objects/cd/81df5bb69fc410a3fd5bdf4c7c9f4a81f35bfa                                                131B
/tmp/.git/objects/88                                                                                       119B
/tmp/.git/objects/88/c12b0c636f06b0d453e4c0ebaaa10c28ea8971                                                119B
/tmp/.git/objects/b1                                                                                       119B
/tmp/.git/objects/b1/5ff5c005d073b23ceb4cf0d69a606730c2284a                                                119B
/tmp/.git/objects/c7/7444a58658b7620aec4e1fd2ab755a5ed776f7                                                119B
/tmp/.git/objects/e0/dc84bb7bf58a7488f53f62b01fc373cb6535fe                                                119B
/tmp/.git/objects/ef/5783b5a02227a2dbb1cadfb3baf19b558b5e40                                                119B
/tmp/.git/objects/fe/0a928cc2469adf7363b15aa857b15164610acf                                                119B
/tmp/.git/objects/19/597feb9e8a3df907954085cd048ccd5b4dbb8b                                                118B
/tmp/.git/objects/2a/327f77f7f96f3cd1f7d5601304696b2f0fc65b                                                118B
/tmp/.git/objects/2c/a5cfae17952899cc45b73b265beafbd3d5cacb                                                118B
/tmp/.git/objects/33/7448c476c3b8f52d624c4ae83b05f7372c891f                                                118B
/tmp/.git/objects/81/228e5a54104b92de33f65c783d1a66eda24f00                                                118B
/tmp/.git/objects/a8/bf269e4ba4773ab15e3ad92680901fe0542073                                                118B
/tmp/.git/objects/e0/0f3ca2da1243cc331c25cca36f1b595a4898cb                                                118B
/tmp/.git/objects/f2/2d5e1b36f6ae49799067c764f05e9fb492c364                                                118B
/tmp/.git/objects/f3/8095128c1cb03008ebc39c198f8d89077a6311                                                118B
/tmp/.git/objects/eb                                                                                       102B
/tmp/.git/objects/34/e8acd835ee0302a3abc917a26b05edf993573e                                                91B
/tmp/.git/objects/a1/90bca3beaf9f50526db4aa16c8e9931b07d914                                                91B
/tmp/.git/objects/27/31001143d0730634f8ad43d91bc03ec6455b2b                                                90B
/tmp/.secrets                                                                                              53B
/tmp/.git/objects/00/235ac25eb5fa653d516a331185701b5be5aa44                                                52B
/tmp/.git/objects/04/fb6b2695983ec9dfd1ad7373f05d63e0f15f52                                                52B
/tmp/.git/objects/17/7d322e5ca2baf4cbb99138b2aacd4d183106f0                                                52B
/tmp/.git/objects/19/9aa27a24832873fbad074b1c7f3c66e26b3695                                                52B
/tmp/.git/objects/25/d45409e54231310216bae49a264f05e1c97d20                                                52B
/tmp/.git/objects/2d/5741df3f1a4a2a19d9ee7ce9d4cd278d80b87e                                                52B
/tmp/.git/objects/2f/064597b1f3cd10b6d4fad9b8b7cb9f2fadff27                                                52B
/tmp/.git/objects/33/ac34039e86ebf06228f7413274bc429ffebcc2                                                52B
/tmp/.git/objects/44/372e3747cb748121b6e7b57559f114791e9cb2                                                52B
/tmp/.git/objects/46/2ea314ba5fee7bfeb0284d64d61cf48a62cb6f                                                52B
/tmp/.git/objects/50/446278d0a5037bf9970dbe0f4a1ccbb4cf55b9                                                52B
/tmp/.git/objects/74                                                                                       52B
/tmp/.git/objects/74/56b4ddcd0d36f7cde4a49f16d81eed9ca88c7e                                                52B
/tmp/.git/objects/b6/92d447cdea9de4b731acc79a505c16190b76df                                                52B
/tmp/.git/objects/be                                                                                       52B
/tmp/.git/objects/be/6a0e60ac24b78c405c73d7cda51c1bae44d9b2                                                52B
/tmp/.git/objects/c5                                                                                       52B
/tmp/.git/objects/c5/605cfbcc3944413a0721fb10110eff1cb5d2a5                                                52B
/tmp/.git/objects/02/9d7da52f6b35ff89fbcb5e426da08992c0325b                                                51B
/tmp/.git/objects/07                                                                                       51B
/tmp/.git/objects/07/d345c56d2505e61e27fa285fb2c5e62554651d                                                51B
/tmp/.git/objects/13/ab9c9a5acadce0b09573c5b0e6416301df076b                                                51B
/tmp/.git/objects/17/2035830ba5e57d9d2f7d28576cde47357baeef                                                51B
/tmp/.git/objects/18/7692d523d04b6886293e4e9932ca2dd4206dae                                                51B
/tmp/.git/objects/1b                                                                                       51B
/tmp/.git/objects/1b/4cc53d38adb9c426d73fcc814365830ad9329a                                                51B
/tmp/.git/objects/31/40d0c2ee0ad23807222beb063bbd1940eec53d                                                51B
/tmp/.git/objects/34/711c770dd975bcc2a7caddd2d489aef05ef8cd                                                51B
/tmp/.git/objects/38/e32f4a2a8d4a12130650d96a25c4934190c9a4                                                51B
/tmp/.git/objects/48/2bd05a8b1f0bea9f50c80c6794b79cdc9d2a0c                                                51B
/tmp/.git/objects/4f/f09a745260cfc99c077cdbe520f8ac2cb14cd0                                                51B
/tmp/.git/objects/56/2e38193c39153333be74d190dbab174039aa2d                                                51B
/tmp/.git/objects/58/2db485a55c9a1c5fa9d51e4b23ecbf9765ac41                                                51B
/tmp/.git/objects/5d/772d867b70b24e7516370fccc21d2719965650                                                51B
/tmp/.git/objects/63/9e740f310d8e5b1a6f9140d8645c2f47e47c8a                                                51B
/tmp/.git/objects/70/113ff7b415a41e4af1d3293d05a419a8876314                                                51B
/tmp/.git/objects/75/344358ecc3ba287a1c2e2eb0fc544d93a52617                                                51B
/tmp/.git/objects/79/d034edbf7f303ca4f9472cf2730a16e54da4de                                                51B
/tmp/.git/objects/79/d73c7697098e82b33b443e85027db6caefd21d                                                51B
/tmp/.git/objects/7c/19faeffa35681caaa0c824ab305e3acfeb7a90                                                51B
/tmp/.git/objects/7e/a448e3fc302ddcb1df2a4c9ef10e8dea961a58                                                51B
/tmp/.git/objects/8c/dc959b9b7d653045aad308e79bd7996bdb48ef                                                51B
/tmp/.git/objects/8e/a97255a1ddf9971f206d5eff638f371dc6d7cd                                                51B
/tmp/.git/objects/96                                                                                       51B
/tmp/.git/objects/96/447f5ba7b394493a0e9716a301bc98fc33da28                                                51B
/tmp/.git/objects/98/c420e842f9335ada45401c1ac37b62db0e4a16                                                51B
/tmp/.git/objects/9a                                                                                       51B
/tmp/.git/objects/9a/7978700552088207b9a9afe9745810791ce185                                                51B
/tmp/.git/objects/a0/db25688d6d68721594d22e1593d60a8a8c6ed7                                                51B
/tmp/.git/objects/a6/d81ce413f15cf70b319c73fea26a9bc23b4587                                                51B
/tmp/.git/objects/a8/6b725d75f24999935a1064a9d18442e84021d8                                                51B
/tmp/.git/objects/aa/0dfde97f8f35d2b822bedf179633098b2c9961                                                51B
/tmp/.git/objects/b9/077bf5e6a19e5a6a3fbfb23b56cbe637f69dde                                                51B
/tmp/.git/objects/bb/596008ec25c55657e4d96dc4788323cc8058dc                                                51B
/tmp/.git/objects/c6/8bdc65106f429b9f1cd2150ad1fe6be36c849c                                                51B
/tmp/.git/objects/c7/5231a143f7b191130c5bb96c89953479c12551                                                51B
/tmp/.git/objects/c9                                                                                       51B
/tmp/.git/objects/c9/34e3f39694bf6b6f9327068bf069ea50e54813                                                51B
/tmp/.git/objects/cb                                                                                       51B
/tmp/.git/objects/cb/80b2f9efb3f0ff10982df2c171ed0b396b1d2e                                                51B
/tmp/.git/objects/d1/5212ef0fb95324a55a50a77fd21b3daffe7747                                                51B
/tmp/.git/objects/dd/2542987a9f4cccb4e9cd6feb07efa0352c8fb1                                                51B
/tmp/.git/objects/ea/9cac4237104f82a6ea50a47226114f476d6f5e                                                51B
/tmp/.git/objects/eb/11420edc3c8b9e818ea74c3c7f3dfd42f0f6da                                                51B
/tmp/.git/objects/eb/a0c0708be8f7537b757dc32c0c0745638d8fd1                                                51B
/tmp/.git/objects/ee/5925700089157f898835089caf5e0d4262bc2c                                                51B
/tmp/.git/objects/f1/7697367b3924bd09b6f5b9da152c43a7233570                                                51B
/tmp/.git/ORIG_HEAD                                                                                        41B
/tmp/.git/refs/heads/master                                                                                41B
/tmp/.git/refs/remotes/origin/HEAD                                                                         32B
/tmp/.git/COMMIT_EDITMSG                                                                                   13B

These entries have been deleted from ghcr.io/danieltobon43/dbscan-octrees:latest:
FILE                                                                                                       SIZE
/tmp/.git/objects/a9/0358226b680678d4d46f9bd11c3517e7e29d06                                                339K
/tmp/.git/modules/external/argparse/objects/pack/pack-dd1dd30b4dbe795a840ae5f988e590b2cf7b740b.pack        97.9K
/tmp/.git/objects/6b/774e5431665e3e97a23f1d21ea6a2df24b9116                                                26.2K
/tmp/.git/objects/03/85045fbd4b84c5e922d6ff98a987dd9734c7d8                                                19.6K
/tmp/.git/objects/61/b54e5a5e0b7247d6a8d49aad4913c998fd14d2                                                17.4K
/tmp/.git/objects/38/8e41f76e41b20921cbaaeb760a6d381974f6ac                                                4.5K
/tmp/.git/objects/63/0627a7b11e8564f6b4a7b2402d7a1e5f81e147                                                4.3K
/tmp/.git/modules/external/argparse/objects/pack/pack-dd1dd30b4dbe795a840ae5f988e590b2cf7b740b.idx         2.4K
/tmp/.git/objects/ac/6e25bd41e383e11d0f2d14ef1fb44416c75e73                                                1.8K
/tmp/.git/objects/06/de26d18848e2a80be582b90ef6dd05df8368c2                                                1.7K
/tmp/.git/objects/30/81bb2e3f0a94b2be23f01129b90cc54206c6fb                                                1.6K
/tmp/.git/objects/97/1821b493807c4ed7bb45f51c5fcf1d240c4560                                                1.3K
/tmp/.git/objects/e4/a827a269e38f6ac64b77a92eb3415c11557294                                                1.2K
/tmp/.git/objects/6c                                                                                       1.1K
/tmp/.git/objects/6c/ff5da0601299387b6e7e09dffa7588d00cc71f                                                1.1K
/tmp/.git/objects/14/2f3a270671814fa66fe2bc008c1aa8d3d72820                                                1007B
/tmp/.git/objects/cc                                                                                       904B
/tmp/.git/objects/cc/42bcde4463f849d32e7e979eb0a8c066634480                                                904B
/tmp/.git/objects/a3                                                                                       820B
/tmp/.git/objects/a3/ecf1b3fd00686d82dcc06b38f001319237dd41                                                820B
/tmp/.git/objects/2a/f9b93e55f3b7200075241c35f22d45b0b0a008                                                595B
/tmp/.git/objects/80/196c0e32727e0aa34ec73dc7437e3f79ec011d                                                588B
/tmp/.git/objects/fb/565b100a26688e97494052158603fc477e05b0                                                470B
/tmp/.git/objects/37                                                                                       363B
/tmp/.git/objects/37/cd3b9b21b43621e415837437e81b9501930df3                                                363B
/tmp/.git/objects/2e/b618e4020abc3a12dd727a9c424ae64eac6d2b                                                353B
/tmp/.git/objects/5d/4d32d09a5e148c7a20f6f8d8863e8088a1f7ac                                                316B
/tmp/.git/objects/56/1d24bc7f32960b1ce593d1dee57d5a9bd9e163                                                302B
/tmp/.git/objects/a1/714872966de814940f6f8f4c17426dec1dc517                                                223B
/tmp/.git/objects/89/21ab31e8411ee02b914631604ca23db134bd79                                                222B
/tmp/.git/objects/a0/40cc50fad1d73c5b1ea89d6369b1300017332c                                                171B
/tmp/.git/objects/35/1831eeb47b83c0217d6c8b4d3441323f0ca8d7                                                166B
/tmp/.git/objects/cd/20133e5417f0cec903cac5d859d1ca956e503b                                                155B
/tmp/.git/objects/40/fd66d51300e83ea2de07d7fccac9b83b10ef5b                                                152B
/tmp/.git/objects/21/9bf18b47a73fbb0358873bc49d78e8e26bf7da                                                126B
/tmp/.git/objects/24/9273aa53c5f0603e4846353d935731f0cd1fab                                                126B
/tmp/.git/objects/76/989d55fd9230b8235a0e386b14211312c7152b                                                120B
/tmp/.git/objects/03/84c11b174fbab2d90b4d51261a9bf65143bc7b                                                92B
/tmp/.git/objects/0a                                                                                       55B
/tmp/.git/objects/0a/d4a6f32754e04ae4c87b3c2533e368a54cdcfb                                                55B
/tmp/.git/objects/14/c70c7fa6ce3a70a16d21f80657164d1ecc013e                                                53B
/tmp/.git/objects/77/076ab4a4f767ffe3ba3337ba9588d640acb009                                                51B
/tmp/.git/objects/8f/d8b74d58c8f7a64c0129637d72c1a2c8d0a4ae                                                48B
/tmp/.git/objects/c0/ec814d1967915a245c85c81621df046323ea79                                                48B
/tmp/.git/modules/external/argparse/refs/tags/v2.6                                                         41B
/tmp/.git/modules/external/argparse/shallow                                                                41B
/tmp/.git/shallow                                                                                          41B

These entries have been changed between ghcr.io/danieltobon43/dbscan-octrees:latest and ghcr.io/danieltobon43/dbscan-octrees:goodapp:
FILE                                                                          SIZE1         SIZE2
/tmp/build/CMakeFiles/app.dir/main.cpp.o                                      144.9K        143.8K
/tmp/build/parser/CMakeFiles/cloud_parser.dir/compiler_depend.make            124.2K        114.7K
/tmp/install/bin/app                                                          103.2K        99.2K
/tmp/build/app                                                                103.2K        99.2K
/tmp/build/parser/CMakeFiles/cloud_parser.dir/parser.cpp.o.d                  62.1K         57.4K
/tmp/build/parser/CMakeFiles/cloud_parser.dir/compiler_depend.internal        60.1K         55.4K
/tmp/build/CMakeFiles/CMakeOutput.log                                         50.7K         50.7K
/tmp/install/lib/libcloud_parser.so.1.0.3                                     23.2K         23.2K
/tmp/build/parser/libcloud_parser.so.1.0.3                                    23.2K         23.2K
/tmp/build/parser/CMakeFiles/cloud_parser.dir/parser.cpp.o                    11.9K         11.7K
/tmp/.git/index                                                               3.9K          3.9K
/tmp/.git/modules/external/argparse/index                                     3.8K          3.8K
/tmp/.git/modules/external/argparse/config                                    564B          302B
/tmp/.git/config                                                              553B          467B
/tmp/.git/modules/external/argparse/logs/HEAD                                 477B          393B
/tmp/build/CMakeFiles/3.21.3/CMakeSystem.cmake                                402B          422B
/tmp/.git/logs/refs/remotes/origin/test-github-packages                       352B          10.1K
/tmp/.git/logs/refs/heads/test-github-packages                                242B          11.1K
/tmp/.git/logs/HEAD                                                           233B          11.3K
/tmp/.git/modules/external/argparse/logs/refs/heads/master                    224B          182B
/tmp/.git/modules/external/argparse/logs/refs/remotes/origin/HEAD             224B          182B
/tmp/.git/FETCH_HEAD                                                          142B          121B
/tmp/.git/modules/external/argparse/packed-refs                               114B          1K


-----History-----

Docker history lines found only in ghcr.io/danieltobon43/dbscan-octrees:latest:
-/bin/sh -c apk --no-cache add cmake build-base
-/bin/sh -c #(nop) COPY dir:a61d2b5a6853e0a7152521c574e33407d86c1d9929023c6ce904026e4dbba9f1 in /tmp
-/bin/sh -c cd /tmp && cmake -DCMAKE_INSTALL_PREFIX=/tmp/install         -S . -Bbuild && make -C build/ -j$(nproc) --no-print-directory &&         make -C build/ install --no-print-directory
-/bin/sh -c #(nop)  ENTRYPOINT ["/tmp/build/app"]
-/bin/sh -c #(nop)  LABEL runnumber=2616930368


Docker history lines found only in ghcr.io/danieltobon43/dbscan-octrees:goodapp:
-RUN /bin/sh -c apk --no-cache add cmake build-base # buildkit
-COPY . /tmp # buildkit
-RUN /bin/sh -c cd /tmp && cmake -DCMAKE_INSTALL_PREFIX=/tmp/install         -S . -Bbuild && make -C build/ -j$(nproc) --no-print-directory &&         make -C build/ install --no-print-directory # buildkit
-ENTRYPOINT ["/tmp/build/app"]


-----Metadata-----

Image metadata differences between ghcr.io/danieltobon43/dbscan-octrees:latest and ghcr.io/danieltobon43/dbscan-octrees:goodapp:

ghcr.io/danieltobon43/dbscan-octrees:latest
-Labels: 


ghcr.io/danieltobon43/dbscan-octrees:goodapp
-Labels: runnumber:2616930368


-----Size-----

Image size difference between ghcr.io/danieltobon43/dbscan-octrees:latest and ghcr.io/danieltobon43/dbscan-octrees:goodapp:
SIZE1        SIZE2
1.9G         1.9G

