The system is: Linux - 5.16.12-051612-generic - x86_64
Compiling the C compiler identification source file "CMakeCCompilerId.c" succeeded.
Compiler: /usr/bin/cc 
Build flags: 
Id flags:  

The output was:
0


Compilation of the C compiler identification source "CMakeCCompilerId.c" produced "a.out"

The C compiler identification is GNU, found in "/tmp/cmake/CMakeFiles/3.21.3/CompilerIdC/a.out"

Compiling the CXX compiler identification source file "CMakeCXXCompilerId.cpp" succeeded.
Compiler: /usr/bin/c++ 
Build flags: 
Id flags:  

The output was:
0


Compilation of the CXX compiler identification source "CMakeCXXCompilerId.cpp" produced "a.out"

The CXX compiler identification is GNU, found in "/tmp/cmake/CMakeFiles/3.21.3/CompilerIdCXX/a.out"

Detecting C compiler ABI info compiled with the following output:
Change Dir: /tmp/cmake/CMakeFiles/CMakeTmp

Run Build Command(s):/usr/bin/make -f Makefile cmTC_e96b6/fast && /usr/bin/make  -f CMakeFiles/cmTC_e96b6.dir/build.make CMakeFiles/cmTC_e96b6.dir/build
make[1]: Entering directory '/tmp/cmake/CMakeFiles/CMakeTmp'
Building C object CMakeFiles/cmTC_e96b6.dir/CMakeCCompilerABI.c.o
/usr/bin/cc   -v -o CMakeFiles/cmTC_e96b6.dir/CMakeCCompilerABI.c.o -c /usr/share/cmake/Modules/CMakeCCompilerABI.c
Using built-in specs.
COLLECT_GCC=/usr/bin/cc
Target: x86_64-alpine-linux-musl
Configured with: /home/buildozer/aports/main/gcc/src/gcc-10.3.1_git20211027/configure --prefix=/usr --mandir=/usr/share/man --infodir=/usr/share/info --build=x86_64-alpine-linux-musl --host=x86_64-alpine-linux-musl --target=x86_64-alpine-linux-musl --with-pkgversion='Alpine 10.3.1_git20211027' --enable-checking=release --disable-fixed-point --disable-libstdcxx-pch --disable-multilib --disable-nls --disable-werror --disable-symvers --enable-__cxa_atexit --enable-default-pie --enable-default-ssp --enable-cloog-backend --enable-languages=c,c++,d,objc,go,fortran,ada --disable-libssp --disable-libmpx --disable-libmudflap --disable-libsanitizer --enable-shared --enable-threads --enable-tls --with-system-zlib --with-linker-hash-style=gnu
Thread model: posix
Supported LTO compression algorithms: zlib
gcc version 10.3.1 20211027 (Alpine 10.3.1_git20211027) 
COLLECT_GCC_OPTIONS='-v' '-o' 'CMakeFiles/cmTC_e96b6.dir/CMakeCCompilerABI.c.o' '-c' '-mtune=generic' '-march=x86-64'
 /usr/libexec/gcc/x86_64-alpine-linux-musl/10.3.1/cc1 -quiet -v /usr/share/cmake/Modules/CMakeCCompilerABI.c -quiet -dumpbase CMakeCCompilerABI.c -mtune=generic -march=x86-64 -auxbase-strip CMakeFiles/cmTC_e96b6.dir/CMakeCCompilerABI.c.o -version -o /tmp/ccnfkfiK.s
GNU C17 (Alpine 10.3.1_git20211027) version 10.3.1 20211027 (x86_64-alpine-linux-musl)
	compiled by GNU C version 10.3.1 20211027, GMP version 6.2.1, MPFR version 4.1.0, MPC version 1.2.1, isl version isl-0.22-GMP

GGC heuristics: --param ggc-min-expand=100 --param ggc-min-heapsize=131072
ignoring nonexistent directory "/usr/local/include"
ignoring nonexistent directory "/usr/lib/gcc/x86_64-alpine-linux-musl/10.3.1/../../../../x86_64-alpine-linux-musl/include"
#include "..." search starts here:
#include <...> search starts here:
 /usr/include/fortify
 /usr/include
 /usr/lib/gcc/x86_64-alpine-linux-musl/10.3.1/include
End of search list.
GNU C17 (Alpine 10.3.1_git20211027) version 10.3.1 20211027 (x86_64-alpine-linux-musl)
	compiled by GNU C version 10.3.1 20211027, GMP version 6.2.1, MPFR version 4.1.0, MPC version 1.2.1, isl version isl-0.22-GMP

GGC heuristics: --param ggc-min-expand=100 --param ggc-min-heapsize=131072
Compiler executable checksum: 3193578801129247e8be66bd6dd0fe05
COLLECT_GCC_OPTIONS='-v' '-o' 'CMakeFiles/cmTC_e96b6.dir/CMakeCCompilerABI.c.o' '-c' '-mtune=generic' '-march=x86-64'
 /usr/lib/gcc/x86_64-alpine-linux-musl/10.3.1/../../../../x86_64-alpine-linux-musl/bin/as -v --64 -o CMakeFiles/cmTC_e96b6.dir/CMakeCCompilerABI.c.o /tmp/ccnfkfiK.s
GNU assembler version 2.37 (x86_64-alpine-linux-musl) using BFD version (GNU Binutils) 2.37
COMPILER_PATH=/usr/libexec/gcc/x86_64-alpine-linux-musl/10.3.1/:/usr/libexec/gcc/x86_64-alpine-linux-musl/10.3.1/:/usr/libexec/gcc/x86_64-alpine-linux-musl/:/usr/lib/gcc/x86_64-alpine-linux-musl/10.3.1/:/usr/lib/gcc/x86_64-alpine-linux-musl/:/usr/lib/gcc/x86_64-alpine-linux-musl/10.3.1/../../../../x86_64-alpine-linux-musl/bin/
LIBRARY_PATH=/usr/lib/gcc/x86_64-alpine-linux-musl/10.3.1/:/usr/lib/gcc/x86_64-alpine-linux-musl/10.3.1/../../../../x86_64-alpine-linux-musl/lib/../lib/:/usr/lib/gcc/x86_64-alpine-linux-musl/10.3.1/../../../../lib/:/lib/../lib/:/usr/lib/../lib/:/usr/lib/gcc/x86_64-alpine-linux-musl/10.3.1/../../../../x86_64-alpine-linux-musl/lib/:/usr/lib/gcc/x86_64-alpine-linux-musl/10.3.1/../../../:/lib/:/usr/lib/
COLLECT_GCC_OPTIONS='-v' '-o' 'CMakeFiles/cmTC_e96b6.dir/CMakeCCompilerABI.c.o' '-c' '-mtune=generic' '-march=x86-64'
Linking C executable cmTC_e96b6
/usr/bin/cmake -E cmake_link_script CMakeFiles/cmTC_e96b6.dir/link.txt --verbose=1
/usr/bin/cc  -v CMakeFiles/cmTC_e96b6.dir/CMakeCCompilerABI.c.o -o cmTC_e96b6 
Using built-in specs.
COLLECT_GCC=/usr/bin/cc
COLLECT_LTO_WRAPPER=/usr/libexec/gcc/x86_64-alpine-linux-musl/10.3.1/lto-wrapper
Target: x86_64-alpine-linux-musl
Configured with: /home/buildozer/aports/main/gcc/src/gcc-10.3.1_git20211027/configure --prefix=/usr --mandir=/usr/share/man --infodir=/usr/share/info --build=x86_64-alpine-linux-musl --host=x86_64-alpine-linux-musl --target=x86_64-alpine-linux-musl --with-pkgversion='Alpine 10.3.1_git20211027' --enable-checking=release --disable-fixed-point --disable-libstdcxx-pch --disable-multilib --disable-nls --disable-werror --disable-symvers --enable-__cxa_atexit --enable-default-pie --enable-default-ssp --enable-cloog-backend --enable-languages=c,c++,d,objc,go,fortran,ada --disable-libssp --disable-libmpx --disable-libmudflap --disable-libsanitizer --enable-shared --enable-threads --enable-tls --with-system-zlib --with-linker-hash-style=gnu
Thread model: posix
Supported LTO compression algorithms: zlib
gcc version 10.3.1 20211027 (Alpine 10.3.1_git20211027) 
COMPILER_PATH=/usr/libexec/gcc/x86_64-alpine-linux-musl/10.3.1/:/usr/libexec/gcc/x86_64-alpine-linux-musl/10.3.1/:/usr/libexec/gcc/x86_64-alpine-linux-musl/:/usr/lib/gcc/x86_64-alpine-linux-musl/10.3.1/:/usr/lib/gcc/x86_64-alpine-linux-musl/:/usr/lib/gcc/x86_64-alpine-linux-musl/10.3.1/../../../../x86_64-alpine-linux-musl/bin/
LIBRARY_PATH=/usr/lib/gcc/x86_64-alpine-linux-musl/10.3.1/:/usr/lib/gcc/x86_64-alpine-linux-musl/10.3.1/../../../../x86_64-alpine-linux-musl/lib/../lib/:/usr/lib/gcc/x86_64-alpine-linux-musl/10.3.1/../../../../lib/:/lib/../lib/:/usr/lib/../lib/:/usr/lib/gcc/x86_64-alpine-linux-musl/10.3.1/../../../../x86_64-alpine-linux-musl/lib/:/usr/lib/gcc/x86_64-alpine-linux-musl/10.3.1/../../../:/lib/:/usr/lib/
COLLECT_GCC_OPTIONS='-v' '-o' 'cmTC_e96b6' '-mtune=generic' '-march=x86-64'
 /usr/libexec/gcc/x86_64-alpine-linux-musl/10.3.1/collect2 -plugin /usr/libexec/gcc/x86_64-alpine-linux-musl/10.3.1/liblto_plugin.so -plugin-opt=/usr/libexec/gcc/x86_64-alpine-linux-musl/10.3.1/lto-wrapper -plugin-opt=-fresolution=/tmp/ccOeFgho.res -plugin-opt=-pass-through=-lgcc -plugin-opt=-pass-through=-lgcc_s -plugin-opt=-pass-through=-lc -plugin-opt=-pass-through=-lgcc -plugin-opt=-pass-through=-lgcc_s --eh-frame-hdr --hash-style=gnu -m elf_x86_64 --as-needed -dynamic-linker /lib/ld-musl-x86_64.so.1 -pie -z relro -z now -o cmTC_e96b6 /usr/lib/gcc/x86_64-alpine-linux-musl/10.3.1/../../../../lib/Scrt1.o /usr/lib/gcc/x86_64-alpine-linux-musl/10.3.1/../../../../lib/crti.o /usr/lib/gcc/x86_64-alpine-linux-musl/10.3.1/crtbeginS.o -L/usr/lib/gcc/x86_64-alpine-linux-musl/10.3.1 -L/usr/lib/gcc/x86_64-alpine-linux-musl/10.3.1/../../../../x86_64-alpine-linux-musl/lib/../lib -L/usr/lib/gcc/x86_64-alpine-linux-musl/10.3.1/../../../../lib -L/lib/../lib -L/usr/lib/../lib -L/usr/lib/gcc/x86_64-alpine-linux-musl/10.3.1/../../../../x86_64-alpine-linux-musl/lib -L/usr/lib/gcc/x86_64-alpine-linux-musl/10.3.1/../../.. CMakeFiles/cmTC_e96b6.dir/CMakeCCompilerABI.c.o -lssp_nonshared -lgcc --push-state --as-needed -lgcc_s --pop-state -lc -lgcc --push-state --as-needed -lgcc_s --pop-state /usr/lib/gcc/x86_64-alpine-linux-musl/10.3.1/crtendS.o /usr/lib/gcc/x86_64-alpine-linux-musl/10.3.1/../../../../lib/crtn.o
COLLECT_GCC_OPTIONS='-v' '-o' 'cmTC_e96b6' '-mtune=generic' '-march=x86-64'
make[1]: Leaving directory '/tmp/cmake/CMakeFiles/CMakeTmp'



Parsed C implicit include dir info from above output: rv=done
  found start of include info
  found start of implicit include info
    add: [/usr/include/fortify]
    add: [/usr/include]
    add: [/usr/lib/gcc/x86_64-alpine-linux-musl/10.3.1/include]
  end of search list found
  collapse include dir [/usr/include/fortify] ==> [/usr/include/fortify]
  collapse include dir [/usr/include] ==> [/usr/include]
  collapse include dir [/usr/lib/gcc/x86_64-alpine-linux-musl/10.3.1/include] ==> [/usr/lib/gcc/x86_64-alpine-linux-musl/10.3.1/include]
  implicit include dirs: [/usr/include/fortify;/usr/include;/usr/lib/gcc/x86_64-alpine-linux-musl/10.3.1/include]


Parsed C implicit link information from above output:
  link line regex: [^( *|.*[/\])(ld|CMAKE_LINK_STARTFILE-NOTFOUND|([^/\]+-)?ld|collect2)[^/\]*( |$)]
  ignore line: [Change Dir: /tmp/cmake/CMakeFiles/CMakeTmp]
  ignore line: []
  ignore line: [Run Build Command(s):/usr/bin/make -f Makefile cmTC_e96b6/fast && /usr/bin/make  -f CMakeFiles/cmTC_e96b6.dir/build.make CMakeFiles/cmTC_e96b6.dir/build]
  ignore line: [make[1]: Entering directory '/tmp/cmake/CMakeFiles/CMakeTmp']
  ignore line: [Building C object CMakeFiles/cmTC_e96b6.dir/CMakeCCompilerABI.c.o]
  ignore line: [/usr/bin/cc   -v -o CMakeFiles/cmTC_e96b6.dir/CMakeCCompilerABI.c.o -c /usr/share/cmake/Modules/CMakeCCompilerABI.c]
  ignore line: [Using built-in specs.]
  ignore line: [COLLECT_GCC=/usr/bin/cc]
  ignore line: [Target: x86_64-alpine-linux-musl]
  ignore line: [Configured with: /home/buildozer/aports/main/gcc/src/gcc-10.3.1_git20211027/configure --prefix=/usr --mandir=/usr/share/man --infodir=/usr/share/info --build=x86_64-alpine-linux-musl --host=x86_64-alpine-linux-musl --target=x86_64-alpine-linux-musl --with-pkgversion='Alpine 10.3.1_git20211027' --enable-checking=release --disable-fixed-point --disable-libstdcxx-pch --disable-multilib --disable-nls --disable-werror --disable-symvers --enable-__cxa_atexit --enable-default-pie --enable-default-ssp --enable-cloog-backend --enable-languages=c c++ d objc go fortran ada --disable-libssp --disable-libmpx --disable-libmudflap --disable-libsanitizer --enable-shared --enable-threads --enable-tls --with-system-zlib --with-linker-hash-style=gnu]
  ignore line: [Thread model: posix]
  ignore line: [Supported LTO compression algorithms: zlib]
  ignore line: [gcc version 10.3.1 20211027 (Alpine 10.3.1_git20211027) ]
  ignore line: [COLLECT_GCC_OPTIONS='-v' '-o' 'CMakeFiles/cmTC_e96b6.dir/CMakeCCompilerABI.c.o' '-c' '-mtune=generic' '-march=x86-64']
  ignore line: [ /usr/libexec/gcc/x86_64-alpine-linux-musl/10.3.1/cc1 -quiet -v /usr/share/cmake/Modules/CMakeCCompilerABI.c -quiet -dumpbase CMakeCCompilerABI.c -mtune=generic -march=x86-64 -auxbase-strip CMakeFiles/cmTC_e96b6.dir/CMakeCCompilerABI.c.o -version -o /tmp/ccnfkfiK.s]
  ignore line: [GNU C17 (Alpine 10.3.1_git20211027) version 10.3.1 20211027 (x86_64-alpine-linux-musl)]
  ignore line: [	compiled by GNU C version 10.3.1 20211027  GMP version 6.2.1  MPFR version 4.1.0  MPC version 1.2.1  isl version isl-0.22-GMP]
  ignore line: []
  ignore line: [GGC heuristics: --param ggc-min-expand=100 --param ggc-min-heapsize=131072]
  ignore line: [ignoring nonexistent directory "/usr/local/include"]
  ignore line: [ignoring nonexistent directory "/usr/lib/gcc/x86_64-alpine-linux-musl/10.3.1/../../../../x86_64-alpine-linux-musl/include"]
  ignore line: [#include "..." search starts here:]
  ignore line: [#include <...> search starts here:]
  ignore line: [ /usr/include/fortify]
  ignore line: [ /usr/include]
  ignore line: [ /usr/lib/gcc/x86_64-alpine-linux-musl/10.3.1/include]
  ignore line: [End of search list.]
  ignore line: [GNU C17 (Alpine 10.3.1_git20211027) version 10.3.1 20211027 (x86_64-alpine-linux-musl)]
  ignore line: [	compiled by GNU C version 10.3.1 20211027  GMP version 6.2.1  MPFR version 4.1.0  MPC version 1.2.1  isl version isl-0.22-GMP]
  ignore line: []
  ignore line: [GGC heuristics: --param ggc-min-expand=100 --param ggc-min-heapsize=131072]
  ignore line: [Compiler executable checksum: 3193578801129247e8be66bd6dd0fe05]
  ignore line: [COLLECT_GCC_OPTIONS='-v' '-o' 'CMakeFiles/cmTC_e96b6.dir/CMakeCCompilerABI.c.o' '-c' '-mtune=generic' '-march=x86-64']
  ignore line: [ /usr/lib/gcc/x86_64-alpine-linux-musl/10.3.1/../../../../x86_64-alpine-linux-musl/bin/as -v --64 -o CMakeFiles/cmTC_e96b6.dir/CMakeCCompilerABI.c.o /tmp/ccnfkfiK.s]
  ignore line: [GNU assembler version 2.37 (x86_64-alpine-linux-musl) using BFD version (GNU Binutils) 2.37]
  ignore line: [COMPILER_PATH=/usr/libexec/gcc/x86_64-alpine-linux-musl/10.3.1/:/usr/libexec/gcc/x86_64-alpine-linux-musl/10.3.1/:/usr/libexec/gcc/x86_64-alpine-linux-musl/:/usr/lib/gcc/x86_64-alpine-linux-musl/10.3.1/:/usr/lib/gcc/x86_64-alpine-linux-musl/:/usr/lib/gcc/x86_64-alpine-linux-musl/10.3.1/../../../../x86_64-alpine-linux-musl/bin/]
  ignore line: [LIBRARY_PATH=/usr/lib/gcc/x86_64-alpine-linux-musl/10.3.1/:/usr/lib/gcc/x86_64-alpine-linux-musl/10.3.1/../../../../x86_64-alpine-linux-musl/lib/../lib/:/usr/lib/gcc/x86_64-alpine-linux-musl/10.3.1/../../../../lib/:/lib/../lib/:/usr/lib/../lib/:/usr/lib/gcc/x86_64-alpine-linux-musl/10.3.1/../../../../x86_64-alpine-linux-musl/lib/:/usr/lib/gcc/x86_64-alpine-linux-musl/10.3.1/../../../:/lib/:/usr/lib/]
  ignore line: [COLLECT_GCC_OPTIONS='-v' '-o' 'CMakeFiles/cmTC_e96b6.dir/CMakeCCompilerABI.c.o' '-c' '-mtune=generic' '-march=x86-64']
  ignore line: [Linking C executable cmTC_e96b6]
  ignore line: [/usr/bin/cmake -E cmake_link_script CMakeFiles/cmTC_e96b6.dir/link.txt --verbose=1]
  ignore line: [/usr/bin/cc  -v CMakeFiles/cmTC_e96b6.dir/CMakeCCompilerABI.c.o -o cmTC_e96b6 ]
  ignore line: [Using built-in specs.]
  ignore line: [COLLECT_GCC=/usr/bin/cc]
  ignore line: [COLLECT_LTO_WRAPPER=/usr/libexec/gcc/x86_64-alpine-linux-musl/10.3.1/lto-wrapper]
  ignore line: [Target: x86_64-alpine-linux-musl]
  ignore line: [Configured with: /home/buildozer/aports/main/gcc/src/gcc-10.3.1_git20211027/configure --prefix=/usr --mandir=/usr/share/man --infodir=/usr/share/info --build=x86_64-alpine-linux-musl --host=x86_64-alpine-linux-musl --target=x86_64-alpine-linux-musl --with-pkgversion='Alpine 10.3.1_git20211027' --enable-checking=release --disable-fixed-point --disable-libstdcxx-pch --disable-multilib --disable-nls --disable-werror --disable-symvers --enable-__cxa_atexit --enable-default-pie --enable-default-ssp --enable-cloog-backend --enable-languages=c c++ d objc go fortran ada --disable-libssp --disable-libmpx --disable-libmudflap --disable-libsanitizer --enable-shared --enable-threads --enable-tls --with-system-zlib --with-linker-hash-style=gnu]
  ignore line: [Thread model: posix]
  ignore line: [Supported LTO compression algorithms: zlib]
  ignore line: [gcc version 10.3.1 20211027 (Alpine 10.3.1_git20211027) ]
  ignore line: [COMPILER_PATH=/usr/libexec/gcc/x86_64-alpine-linux-musl/10.3.1/:/usr/libexec/gcc/x86_64-alpine-linux-musl/10.3.1/:/usr/libexec/gcc/x86_64-alpine-linux-musl/:/usr/lib/gcc/x86_64-alpine-linux-musl/10.3.1/:/usr/lib/gcc/x86_64-alpine-linux-musl/:/usr/lib/gcc/x86_64-alpine-linux-musl/10.3.1/../../../../x86_64-alpine-linux-musl/bin/]
  ignore line: [LIBRARY_PATH=/usr/lib/gcc/x86_64-alpine-linux-musl/10.3.1/:/usr/lib/gcc/x86_64-alpine-linux-musl/10.3.1/../../../../x86_64-alpine-linux-musl/lib/../lib/:/usr/lib/gcc/x86_64-alpine-linux-musl/10.3.1/../../../../lib/:/lib/../lib/:/usr/lib/../lib/:/usr/lib/gcc/x86_64-alpine-linux-musl/10.3.1/../../../../x86_64-alpine-linux-musl/lib/:/usr/lib/gcc/x86_64-alpine-linux-musl/10.3.1/../../../:/lib/:/usr/lib/]
  ignore line: [COLLECT_GCC_OPTIONS='-v' '-o' 'cmTC_e96b6' '-mtune=generic' '-march=x86-64']
  link line: [ /usr/libexec/gcc/x86_64-alpine-linux-musl/10.3.1/collect2 -plugin /usr/libexec/gcc/x86_64-alpine-linux-musl/10.3.1/liblto_plugin.so -plugin-opt=/usr/libexec/gcc/x86_64-alpine-linux-musl/10.3.1/lto-wrapper -plugin-opt=-fresolution=/tmp/ccOeFgho.res -plugin-opt=-pass-through=-lgcc -plugin-opt=-pass-through=-lgcc_s -plugin-opt=-pass-through=-lc -plugin-opt=-pass-through=-lgcc -plugin-opt=-pass-through=-lgcc_s --eh-frame-hdr --hash-style=gnu -m elf_x86_64 --as-needed -dynamic-linker /lib/ld-musl-x86_64.so.1 -pie -z relro -z now -o cmTC_e96b6 /usr/lib/gcc/x86_64-alpine-linux-musl/10.3.1/../../../../lib/Scrt1.o /usr/lib/gcc/x86_64-alpine-linux-musl/10.3.1/../../../../lib/crti.o /usr/lib/gcc/x86_64-alpine-linux-musl/10.3.1/crtbeginS.o -L/usr/lib/gcc/x86_64-alpine-linux-musl/10.3.1 -L/usr/lib/gcc/x86_64-alpine-linux-musl/10.3.1/../../../../x86_64-alpine-linux-musl/lib/../lib -L/usr/lib/gcc/x86_64-alpine-linux-musl/10.3.1/../../../../lib -L/lib/../lib -L/usr/lib/../lib -L/usr/lib/gcc/x86_64-alpine-linux-musl/10.3.1/../../../../x86_64-alpine-linux-musl/lib -L/usr/lib/gcc/x86_64-alpine-linux-musl/10.3.1/../../.. CMakeFiles/cmTC_e96b6.dir/CMakeCCompilerABI.c.o -lssp_nonshared -lgcc --push-state --as-needed -lgcc_s --pop-state -lc -lgcc --push-state --as-needed -lgcc_s --pop-state /usr/lib/gcc/x86_64-alpine-linux-musl/10.3.1/crtendS.o /usr/lib/gcc/x86_64-alpine-linux-musl/10.3.1/../../../../lib/crtn.o]
    arg [/usr/libexec/gcc/x86_64-alpine-linux-musl/10.3.1/collect2] ==> ignore
    arg [-plugin] ==> ignore
    arg [/usr/libexec/gcc/x86_64-alpine-linux-musl/10.3.1/liblto_plugin.so] ==> ignore
    arg [-plugin-opt=/usr/libexec/gcc/x86_64-alpine-linux-musl/10.3.1/lto-wrapper] ==> ignore
    arg [-plugin-opt=-fresolution=/tmp/ccOeFgho.res] ==> ignore
    arg [-plugin-opt=-pass-through=-lgcc] ==> ignore
    arg [-plugin-opt=-pass-through=-lgcc_s] ==> ignore
    arg [-plugin-opt=-pass-through=-lc] ==> ignore
    arg [-plugin-opt=-pass-through=-lgcc] ==> ignore
    arg [-plugin-opt=-pass-through=-lgcc_s] ==> ignore
    arg [--eh-frame-hdr] ==> ignore
    arg [--hash-style=gnu] ==> ignore
    arg [-m] ==> ignore
    arg [elf_x86_64] ==> ignore
    arg [--as-needed] ==> ignore
    arg [-dynamic-linker] ==> ignore
    arg [/lib/ld-musl-x86_64.so.1] ==> ignore
    arg [-pie] ==> ignore
    arg [-zrelro] ==> ignore
    arg [-znow] ==> ignore
    arg [-o] ==> ignore
    arg [cmTC_e96b6] ==> ignore
    arg [/usr/lib/gcc/x86_64-alpine-linux-musl/10.3.1/../../../../lib/Scrt1.o] ==> obj [/usr/lib/gcc/x86_64-alpine-linux-musl/10.3.1/../../../../lib/Scrt1.o]
    arg [/usr/lib/gcc/x86_64-alpine-linux-musl/10.3.1/../../../../lib/crti.o] ==> obj [/usr/lib/gcc/x86_64-alpine-linux-musl/10.3.1/../../../../lib/crti.o]
    arg [/usr/lib/gcc/x86_64-alpine-linux-musl/10.3.1/crtbeginS.o] ==> obj [/usr/lib/gcc/x86_64-alpine-linux-musl/10.3.1/crtbeginS.o]
    arg [-L/usr/lib/gcc/x86_64-alpine-linux-musl/10.3.1] ==> dir [/usr/lib/gcc/x86_64-alpine-linux-musl/10.3.1]
    arg [-L/usr/lib/gcc/x86_64-alpine-linux-musl/10.3.1/../../../../x86_64-alpine-linux-musl/lib/../lib] ==> dir [/usr/lib/gcc/x86_64-alpine-linux-musl/10.3.1/../../../../x86_64-alpine-linux-musl/lib/../lib]
    arg [-L/usr/lib/gcc/x86_64-alpine-linux-musl/10.3.1/../../../../lib] ==> dir [/usr/lib/gcc/x86_64-alpine-linux-musl/10.3.1/../../../../lib]
    arg [-L/lib/../lib] ==> dir [/lib/../lib]
    arg [-L/usr/lib/../lib] ==> dir [/usr/lib/../lib]
    arg [-L/usr/lib/gcc/x86_64-alpine-linux-musl/10.3.1/../../../../x86_64-alpine-linux-musl/lib] ==> dir [/usr/lib/gcc/x86_64-alpine-linux-musl/10.3.1/../../../../x86_64-alpine-linux-musl/lib]
    arg [-L/usr/lib/gcc/x86_64-alpine-linux-musl/10.3.1/../../..] ==> dir [/usr/lib/gcc/x86_64-alpine-linux-musl/10.3.1/../../..]
    arg [CMakeFiles/cmTC_e96b6.dir/CMakeCCompilerABI.c.o] ==> ignore
    arg [-lssp_nonshared] ==> lib [ssp_nonshared]
    arg [-lgcc] ==> lib [gcc]
    arg [--push-state] ==> ignore
    arg [--as-needed] ==> ignore
    arg [-lgcc_s] ==> lib [gcc_s]
    arg [--pop-state] ==> ignore
    arg [-lc] ==> lib [c]
    arg [-lgcc] ==> lib [gcc]
    arg [--push-state] ==> ignore
    arg [--as-needed] ==> ignore
    arg [-lgcc_s] ==> lib [gcc_s]
    arg [--pop-state] ==> ignore
    arg [/usr/lib/gcc/x86_64-alpine-linux-musl/10.3.1/crtendS.o] ==> obj [/usr/lib/gcc/x86_64-alpine-linux-musl/10.3.1/crtendS.o]
    arg [/usr/lib/gcc/x86_64-alpine-linux-musl/10.3.1/../../../../lib/crtn.o] ==> obj [/usr/lib/gcc/x86_64-alpine-linux-musl/10.3.1/../../../../lib/crtn.o]
  collapse obj [/usr/lib/gcc/x86_64-alpine-linux-musl/10.3.1/../../../../lib/Scrt1.o] ==> [/usr/lib/Scrt1.o]
  collapse obj [/usr/lib/gcc/x86_64-alpine-linux-musl/10.3.1/../../../../lib/crti.o] ==> [/usr/lib/crti.o]
  collapse obj [/usr/lib/gcc/x86_64-alpine-linux-musl/10.3.1/../../../../lib/crtn.o] ==> [/usr/lib/crtn.o]
  collapse library dir [/usr/lib/gcc/x86_64-alpine-linux-musl/10.3.1] ==> [/usr/lib/gcc/x86_64-alpine-linux-musl/10.3.1]
  collapse library dir [/usr/lib/gcc/x86_64-alpine-linux-musl/10.3.1/../../../../x86_64-alpine-linux-musl/lib/../lib] ==> [/usr/x86_64-alpine-linux-musl/lib]
  collapse library dir [/usr/lib/gcc/x86_64-alpine-linux-musl/10.3.1/../../../../lib] ==> [/usr/lib]
  collapse library dir [/lib/../lib] ==> [/lib]
  collapse library dir [/usr/lib/../lib] ==> [/usr/lib]
  collapse library dir [/usr/lib/gcc/x86_64-alpine-linux-musl/10.3.1/../../../../x86_64-alpine-linux-musl/lib] ==> [/usr/x86_64-alpine-linux-musl/lib]
  collapse library dir [/usr/lib/gcc/x86_64-alpine-linux-musl/10.3.1/../../..] ==> [/usr/lib]
  implicit libs: [ssp_nonshared;gcc;gcc_s;c;gcc;gcc_s]
  implicit objs: [/usr/lib/Scrt1.o;/usr/lib/crti.o;/usr/lib/gcc/x86_64-alpine-linux-musl/10.3.1/crtbeginS.o;/usr/lib/gcc/x86_64-alpine-linux-musl/10.3.1/crtendS.o;/usr/lib/crtn.o]
  implicit dirs: [/usr/lib/gcc/x86_64-alpine-linux-musl/10.3.1;/usr/x86_64-alpine-linux-musl/lib;/usr/lib;/lib]
  implicit fwks: []


Detecting CXX compiler ABI info compiled with the following output:
Change Dir: /tmp/cmake/CMakeFiles/CMakeTmp

Run Build Command(s):/usr/bin/make -f Makefile cmTC_e58dd/fast && /usr/bin/make  -f CMakeFiles/cmTC_e58dd.dir/build.make CMakeFiles/cmTC_e58dd.dir/build
make[1]: Entering directory '/tmp/cmake/CMakeFiles/CMakeTmp'
Building CXX object CMakeFiles/cmTC_e58dd.dir/CMakeCXXCompilerABI.cpp.o
/usr/bin/c++   -v -o CMakeFiles/cmTC_e58dd.dir/CMakeCXXCompilerABI.cpp.o -c /usr/share/cmake/Modules/CMakeCXXCompilerABI.cpp
Using built-in specs.
COLLECT_GCC=/usr/bin/c++
Target: x86_64-alpine-linux-musl
Configured with: /home/buildozer/aports/main/gcc/src/gcc-10.3.1_git20211027/configure --prefix=/usr --mandir=/usr/share/man --infodir=/usr/share/info --build=x86_64-alpine-linux-musl --host=x86_64-alpine-linux-musl --target=x86_64-alpine-linux-musl --with-pkgversion='Alpine 10.3.1_git20211027' --enable-checking=release --disable-fixed-point --disable-libstdcxx-pch --disable-multilib --disable-nls --disable-werror --disable-symvers --enable-__cxa_atexit --enable-default-pie --enable-default-ssp --enable-cloog-backend --enable-languages=c,c++,d,objc,go,fortran,ada --disable-libssp --disable-libmpx --disable-libmudflap --disable-libsanitizer --enable-shared --enable-threads --enable-tls --with-system-zlib --with-linker-hash-style=gnu
Thread model: posix
Supported LTO compression algorithms: zlib
gcc version 10.3.1 20211027 (Alpine 10.3.1_git20211027) 
COLLECT_GCC_OPTIONS='-v' '-o' 'CMakeFiles/cmTC_e58dd.dir/CMakeCXXCompilerABI.cpp.o' '-c' '-shared-libgcc' '-mtune=generic' '-march=x86-64'
 /usr/libexec/gcc/x86_64-alpine-linux-musl/10.3.1/cc1plus -quiet -v -D_GNU_SOURCE /usr/share/cmake/Modules/CMakeCXXCompilerABI.cpp -quiet -dumpbase CMakeCXXCompilerABI.cpp -mtune=generic -march=x86-64 -auxbase-strip CMakeFiles/cmTC_e58dd.dir/CMakeCXXCompilerABI.cpp.o -version -o /tmp/ccHMBMII.s
GNU C++14 (Alpine 10.3.1_git20211027) version 10.3.1 20211027 (x86_64-alpine-linux-musl)
	compiled by GNU C version 10.3.1 20211027, GMP version 6.2.1, MPFR version 4.1.0, MPC version 1.2.1, isl version isl-0.22-GMP

GGC heuristics: --param ggc-min-expand=100 --param ggc-min-heapsize=131072
ignoring nonexistent directory "/usr/local/include"
ignoring nonexistent directory "/usr/lib/gcc/x86_64-alpine-linux-musl/10.3.1/../../../../x86_64-alpine-linux-musl/include"
#include "..." search starts here:
#include <...> search starts here:
 /usr/lib/gcc/x86_64-alpine-linux-musl/10.3.1/../../../../include/c++/10.3.1
 /usr/lib/gcc/x86_64-alpine-linux-musl/10.3.1/../../../../include/c++/10.3.1/x86_64-alpine-linux-musl
 /usr/lib/gcc/x86_64-alpine-linux-musl/10.3.1/../../../../include/c++/10.3.1/backward
 /usr/include/fortify
 /usr/include
 /usr/lib/gcc/x86_64-alpine-linux-musl/10.3.1/include
End of search list.
GNU C++14 (Alpine 10.3.1_git20211027) version 10.3.1 20211027 (x86_64-alpine-linux-musl)
	compiled by GNU C version 10.3.1 20211027, GMP version 6.2.1, MPFR version 4.1.0, MPC version 1.2.1, isl version isl-0.22-GMP

GGC heuristics: --param ggc-min-expand=100 --param ggc-min-heapsize=131072
Compiler executable checksum: 249d18e771d429d3e6608426ef4a5082
COLLECT_GCC_OPTIONS='-v' '-o' 'CMakeFiles/cmTC_e58dd.dir/CMakeCXXCompilerABI.cpp.o' '-c' '-shared-libgcc' '-mtune=generic' '-march=x86-64'
 /usr/lib/gcc/x86_64-alpine-linux-musl/10.3.1/../../../../x86_64-alpine-linux-musl/bin/as -v --64 -o CMakeFiles/cmTC_e58dd.dir/CMakeCXXCompilerABI.cpp.o /tmp/ccHMBMII.s
GNU assembler version 2.37 (x86_64-alpine-linux-musl) using BFD version (GNU Binutils) 2.37
COMPILER_PATH=/usr/libexec/gcc/x86_64-alpine-linux-musl/10.3.1/:/usr/libexec/gcc/x86_64-alpine-linux-musl/10.3.1/:/usr/libexec/gcc/x86_64-alpine-linux-musl/:/usr/lib/gcc/x86_64-alpine-linux-musl/10.3.1/:/usr/lib/gcc/x86_64-alpine-linux-musl/:/usr/lib/gcc/x86_64-alpine-linux-musl/10.3.1/../../../../x86_64-alpine-linux-musl/bin/
LIBRARY_PATH=/usr/lib/gcc/x86_64-alpine-linux-musl/10.3.1/:/usr/lib/gcc/x86_64-alpine-linux-musl/10.3.1/../../../../x86_64-alpine-linux-musl/lib/../lib/:/usr/lib/gcc/x86_64-alpine-linux-musl/10.3.1/../../../../lib/:/lib/../lib/:/usr/lib/../lib/:/usr/lib/gcc/x86_64-alpine-linux-musl/10.3.1/../../../../x86_64-alpine-linux-musl/lib/:/usr/lib/gcc/x86_64-alpine-linux-musl/10.3.1/../../../:/lib/:/usr/lib/
COLLECT_GCC_OPTIONS='-v' '-o' 'CMakeFiles/cmTC_e58dd.dir/CMakeCXXCompilerABI.cpp.o' '-c' '-shared-libgcc' '-mtune=generic' '-march=x86-64'
Linking CXX executable cmTC_e58dd
/usr/bin/cmake -E cmake_link_script CMakeFiles/cmTC_e58dd.dir/link.txt --verbose=1
/usr/bin/c++  -v CMakeFiles/cmTC_e58dd.dir/CMakeCXXCompilerABI.cpp.o -o cmTC_e58dd 
Using built-in specs.
COLLECT_GCC=/usr/bin/c++
COLLECT_LTO_WRAPPER=/usr/libexec/gcc/x86_64-alpine-linux-musl/10.3.1/lto-wrapper
Target: x86_64-alpine-linux-musl
Configured with: /home/buildozer/aports/main/gcc/src/gcc-10.3.1_git20211027/configure --prefix=/usr --mandir=/usr/share/man --infodir=/usr/share/info --build=x86_64-alpine-linux-musl --host=x86_64-alpine-linux-musl --target=x86_64-alpine-linux-musl --with-pkgversion='Alpine 10.3.1_git20211027' --enable-checking=release --disable-fixed-point --disable-libstdcxx-pch --disable-multilib --disable-nls --disable-werror --disable-symvers --enable-__cxa_atexit --enable-default-pie --enable-default-ssp --enable-cloog-backend --enable-languages=c,c++,d,objc,go,fortran,ada --disable-libssp --disable-libmpx --disable-libmudflap --disable-libsanitizer --enable-shared --enable-threads --enable-tls --with-system-zlib --with-linker-hash-style=gnu
Thread model: posix
Supported LTO compression algorithms: zlib
gcc version 10.3.1 20211027 (Alpine 10.3.1_git20211027) 
COMPILER_PATH=/usr/libexec/gcc/x86_64-alpine-linux-musl/10.3.1/:/usr/libexec/gcc/x86_64-alpine-linux-musl/10.3.1/:/usr/libexec/gcc/x86_64-alpine-linux-musl/:/usr/lib/gcc/x86_64-alpine-linux-musl/10.3.1/:/usr/lib/gcc/x86_64-alpine-linux-musl/:/usr/lib/gcc/x86_64-alpine-linux-musl/10.3.1/../../../../x86_64-alpine-linux-musl/bin/
LIBRARY_PATH=/usr/lib/gcc/x86_64-alpine-linux-musl/10.3.1/:/usr/lib/gcc/x86_64-alpine-linux-musl/10.3.1/../../../../x86_64-alpine-linux-musl/lib/../lib/:/usr/lib/gcc/x86_64-alpine-linux-musl/10.3.1/../../../../lib/:/lib/../lib/:/usr/lib/../lib/:/usr/lib/gcc/x86_64-alpine-linux-musl/10.3.1/../../../../x86_64-alpine-linux-musl/lib/:/usr/lib/gcc/x86_64-alpine-linux-musl/10.3.1/../../../:/lib/:/usr/lib/
COLLECT_GCC_OPTIONS='-v' '-o' 'cmTC_e58dd' '-shared-libgcc' '-mtune=generic' '-march=x86-64'
 /usr/libexec/gcc/x86_64-alpine-linux-musl/10.3.1/collect2 -plugin /usr/libexec/gcc/x86_64-alpine-linux-musl/10.3.1/liblto_plugin.so -plugin-opt=/usr/libexec/gcc/x86_64-alpine-linux-musl/10.3.1/lto-wrapper -plugin-opt=-fresolution=/tmp/ccnfNogG.res -plugin-opt=-pass-through=-lgcc_s -plugin-opt=-pass-through=-lgcc -plugin-opt=-pass-through=-lc -plugin-opt=-pass-through=-lgcc_s -plugin-opt=-pass-through=-lgcc --eh-frame-hdr --hash-style=gnu -m elf_x86_64 --as-needed -dynamic-linker /lib/ld-musl-x86_64.so.1 -pie -z relro -z now -o cmTC_e58dd /usr/lib/gcc/x86_64-alpine-linux-musl/10.3.1/../../../../lib/Scrt1.o /usr/lib/gcc/x86_64-alpine-linux-musl/10.3.1/../../../../lib/crti.o /usr/lib/gcc/x86_64-alpine-linux-musl/10.3.1/crtbeginS.o -L/usr/lib/gcc/x86_64-alpine-linux-musl/10.3.1 -L/usr/lib/gcc/x86_64-alpine-linux-musl/10.3.1/../../../../x86_64-alpine-linux-musl/lib/../lib -L/usr/lib/gcc/x86_64-alpine-linux-musl/10.3.1/../../../../lib -L/lib/../lib -L/usr/lib/../lib -L/usr/lib/gcc/x86_64-alpine-linux-musl/10.3.1/../../../../x86_64-alpine-linux-musl/lib -L/usr/lib/gcc/x86_64-alpine-linux-musl/10.3.1/../../.. CMakeFiles/cmTC_e58dd.dir/CMakeCXXCompilerABI.cpp.o -lstdc++ -lm -lssp_nonshared -lgcc_s -lgcc -lc -lgcc_s -lgcc /usr/lib/gcc/x86_64-alpine-linux-musl/10.3.1/crtendS.o /usr/lib/gcc/x86_64-alpine-linux-musl/10.3.1/../../../../lib/crtn.o
COLLECT_GCC_OPTIONS='-v' '-o' 'cmTC_e58dd' '-shared-libgcc' '-mtune=generic' '-march=x86-64'
make[1]: Leaving directory '/tmp/cmake/CMakeFiles/CMakeTmp'



Parsed CXX implicit include dir info from above output: rv=done
  found start of include info
  found start of implicit include info
    add: [/usr/lib/gcc/x86_64-alpine-linux-musl/10.3.1/../../../../include/c++/10.3.1]
    add: [/usr/lib/gcc/x86_64-alpine-linux-musl/10.3.1/../../../../include/c++/10.3.1/x86_64-alpine-linux-musl]
    add: [/usr/lib/gcc/x86_64-alpine-linux-musl/10.3.1/../../../../include/c++/10.3.1/backward]
    add: [/usr/include/fortify]
    add: [/usr/include]
    add: [/usr/lib/gcc/x86_64-alpine-linux-musl/10.3.1/include]
  end of search list found
  collapse include dir [/usr/lib/gcc/x86_64-alpine-linux-musl/10.3.1/../../../../include/c++/10.3.1] ==> [/usr/include/c++/10.3.1]
  collapse include dir [/usr/lib/gcc/x86_64-alpine-linux-musl/10.3.1/../../../../include/c++/10.3.1/x86_64-alpine-linux-musl] ==> [/usr/include/c++/10.3.1/x86_64-alpine-linux-musl]
  collapse include dir [/usr/lib/gcc/x86_64-alpine-linux-musl/10.3.1/../../../../include/c++/10.3.1/backward] ==> [/usr/include/c++/10.3.1/backward]
  collapse include dir [/usr/include/fortify] ==> [/usr/include/fortify]
  collapse include dir [/usr/include] ==> [/usr/include]
  collapse include dir [/usr/lib/gcc/x86_64-alpine-linux-musl/10.3.1/include] ==> [/usr/lib/gcc/x86_64-alpine-linux-musl/10.3.1/include]
  implicit include dirs: [/usr/include/c++/10.3.1;/usr/include/c++/10.3.1/x86_64-alpine-linux-musl;/usr/include/c++/10.3.1/backward;/usr/include/fortify;/usr/include;/usr/lib/gcc/x86_64-alpine-linux-musl/10.3.1/include]


Parsed CXX implicit link information from above output:
  link line regex: [^( *|.*[/\])(ld|CMAKE_LINK_STARTFILE-NOTFOUND|([^/\]+-)?ld|collect2)[^/\]*( |$)]
  ignore line: [Change Dir: /tmp/cmake/CMakeFiles/CMakeTmp]
  ignore line: []
  ignore line: [Run Build Command(s):/usr/bin/make -f Makefile cmTC_e58dd/fast && /usr/bin/make  -f CMakeFiles/cmTC_e58dd.dir/build.make CMakeFiles/cmTC_e58dd.dir/build]
  ignore line: [make[1]: Entering directory '/tmp/cmake/CMakeFiles/CMakeTmp']
  ignore line: [Building CXX object CMakeFiles/cmTC_e58dd.dir/CMakeCXXCompilerABI.cpp.o]
  ignore line: [/usr/bin/c++   -v -o CMakeFiles/cmTC_e58dd.dir/CMakeCXXCompilerABI.cpp.o -c /usr/share/cmake/Modules/CMakeCXXCompilerABI.cpp]
  ignore line: [Using built-in specs.]
  ignore line: [COLLECT_GCC=/usr/bin/c++]
  ignore line: [Target: x86_64-alpine-linux-musl]
  ignore line: [Configured with: /home/buildozer/aports/main/gcc/src/gcc-10.3.1_git20211027/configure --prefix=/usr --mandir=/usr/share/man --infodir=/usr/share/info --build=x86_64-alpine-linux-musl --host=x86_64-alpine-linux-musl --target=x86_64-alpine-linux-musl --with-pkgversion='Alpine 10.3.1_git20211027' --enable-checking=release --disable-fixed-point --disable-libstdcxx-pch --disable-multilib --disable-nls --disable-werror --disable-symvers --enable-__cxa_atexit --enable-default-pie --enable-default-ssp --enable-cloog-backend --enable-languages=c c++ d objc go fortran ada --disable-libssp --disable-libmpx --disable-libmudflap --disable-libsanitizer --enable-shared --enable-threads --enable-tls --with-system-zlib --with-linker-hash-style=gnu]
  ignore line: [Thread model: posix]
  ignore line: [Supported LTO compression algorithms: zlib]
  ignore line: [gcc version 10.3.1 20211027 (Alpine 10.3.1_git20211027) ]
  ignore line: [COLLECT_GCC_OPTIONS='-v' '-o' 'CMakeFiles/cmTC_e58dd.dir/CMakeCXXCompilerABI.cpp.o' '-c' '-shared-libgcc' '-mtune=generic' '-march=x86-64']
  ignore line: [ /usr/libexec/gcc/x86_64-alpine-linux-musl/10.3.1/cc1plus -quiet -v -D_GNU_SOURCE /usr/share/cmake/Modules/CMakeCXXCompilerABI.cpp -quiet -dumpbase CMakeCXXCompilerABI.cpp -mtune=generic -march=x86-64 -auxbase-strip CMakeFiles/cmTC_e58dd.dir/CMakeCXXCompilerABI.cpp.o -version -o /tmp/ccHMBMII.s]
  ignore line: [GNU C++14 (Alpine 10.3.1_git20211027) version 10.3.1 20211027 (x86_64-alpine-linux-musl)]
  ignore line: [	compiled by GNU C version 10.3.1 20211027  GMP version 6.2.1  MPFR version 4.1.0  MPC version 1.2.1  isl version isl-0.22-GMP]
  ignore line: []
  ignore line: [GGC heuristics: --param ggc-min-expand=100 --param ggc-min-heapsize=131072]
  ignore line: [ignoring nonexistent directory "/usr/local/include"]
  ignore line: [ignoring nonexistent directory "/usr/lib/gcc/x86_64-alpine-linux-musl/10.3.1/../../../../x86_64-alpine-linux-musl/include"]
  ignore line: [#include "..." search starts here:]
  ignore line: [#include <...> search starts here:]
  ignore line: [ /usr/lib/gcc/x86_64-alpine-linux-musl/10.3.1/../../../../include/c++/10.3.1]
  ignore line: [ /usr/lib/gcc/x86_64-alpine-linux-musl/10.3.1/../../../../include/c++/10.3.1/x86_64-alpine-linux-musl]
  ignore line: [ /usr/lib/gcc/x86_64-alpine-linux-musl/10.3.1/../../../../include/c++/10.3.1/backward]
  ignore line: [ /usr/include/fortify]
  ignore line: [ /usr/include]
  ignore line: [ /usr/lib/gcc/x86_64-alpine-linux-musl/10.3.1/include]
  ignore line: [End of search list.]
  ignore line: [GNU C++14 (Alpine 10.3.1_git20211027) version 10.3.1 20211027 (x86_64-alpine-linux-musl)]
  ignore line: [	compiled by GNU C version 10.3.1 20211027  GMP version 6.2.1  MPFR version 4.1.0  MPC version 1.2.1  isl version isl-0.22-GMP]
  ignore line: []
  ignore line: [GGC heuristics: --param ggc-min-expand=100 --param ggc-min-heapsize=131072]
  ignore line: [Compiler executable checksum: 249d18e771d429d3e6608426ef4a5082]
  ignore line: [COLLECT_GCC_OPTIONS='-v' '-o' 'CMakeFiles/cmTC_e58dd.dir/CMakeCXXCompilerABI.cpp.o' '-c' '-shared-libgcc' '-mtune=generic' '-march=x86-64']
  ignore line: [ /usr/lib/gcc/x86_64-alpine-linux-musl/10.3.1/../../../../x86_64-alpine-linux-musl/bin/as -v --64 -o CMakeFiles/cmTC_e58dd.dir/CMakeCXXCompilerABI.cpp.o /tmp/ccHMBMII.s]
  ignore line: [GNU assembler version 2.37 (x86_64-alpine-linux-musl) using BFD version (GNU Binutils) 2.37]
  ignore line: [COMPILER_PATH=/usr/libexec/gcc/x86_64-alpine-linux-musl/10.3.1/:/usr/libexec/gcc/x86_64-alpine-linux-musl/10.3.1/:/usr/libexec/gcc/x86_64-alpine-linux-musl/:/usr/lib/gcc/x86_64-alpine-linux-musl/10.3.1/:/usr/lib/gcc/x86_64-alpine-linux-musl/:/usr/lib/gcc/x86_64-alpine-linux-musl/10.3.1/../../../../x86_64-alpine-linux-musl/bin/]
  ignore line: [LIBRARY_PATH=/usr/lib/gcc/x86_64-alpine-linux-musl/10.3.1/:/usr/lib/gcc/x86_64-alpine-linux-musl/10.3.1/../../../../x86_64-alpine-linux-musl/lib/../lib/:/usr/lib/gcc/x86_64-alpine-linux-musl/10.3.1/../../../../lib/:/lib/../lib/:/usr/lib/../lib/:/usr/lib/gcc/x86_64-alpine-linux-musl/10.3.1/../../../../x86_64-alpine-linux-musl/lib/:/usr/lib/gcc/x86_64-alpine-linux-musl/10.3.1/../../../:/lib/:/usr/lib/]
  ignore line: [COLLECT_GCC_OPTIONS='-v' '-o' 'CMakeFiles/cmTC_e58dd.dir/CMakeCXXCompilerABI.cpp.o' '-c' '-shared-libgcc' '-mtune=generic' '-march=x86-64']
  ignore line: [Linking CXX executable cmTC_e58dd]
  ignore line: [/usr/bin/cmake -E cmake_link_script CMakeFiles/cmTC_e58dd.dir/link.txt --verbose=1]
  ignore line: [/usr/bin/c++  -v CMakeFiles/cmTC_e58dd.dir/CMakeCXXCompilerABI.cpp.o -o cmTC_e58dd ]
  ignore line: [Using built-in specs.]
  ignore line: [COLLECT_GCC=/usr/bin/c++]
  ignore line: [COLLECT_LTO_WRAPPER=/usr/libexec/gcc/x86_64-alpine-linux-musl/10.3.1/lto-wrapper]
  ignore line: [Target: x86_64-alpine-linux-musl]
  ignore line: [Configured with: /home/buildozer/aports/main/gcc/src/gcc-10.3.1_git20211027/configure --prefix=/usr --mandir=/usr/share/man --infodir=/usr/share/info --build=x86_64-alpine-linux-musl --host=x86_64-alpine-linux-musl --target=x86_64-alpine-linux-musl --with-pkgversion='Alpine 10.3.1_git20211027' --enable-checking=release --disable-fixed-point --disable-libstdcxx-pch --disable-multilib --disable-nls --disable-werror --disable-symvers --enable-__cxa_atexit --enable-default-pie --enable-default-ssp --enable-cloog-backend --enable-languages=c c++ d objc go fortran ada --disable-libssp --disable-libmpx --disable-libmudflap --disable-libsanitizer --enable-shared --enable-threads --enable-tls --with-system-zlib --with-linker-hash-style=gnu]
  ignore line: [Thread model: posix]
  ignore line: [Supported LTO compression algorithms: zlib]
  ignore line: [gcc version 10.3.1 20211027 (Alpine 10.3.1_git20211027) ]
  ignore line: [COMPILER_PATH=/usr/libexec/gcc/x86_64-alpine-linux-musl/10.3.1/:/usr/libexec/gcc/x86_64-alpine-linux-musl/10.3.1/:/usr/libexec/gcc/x86_64-alpine-linux-musl/:/usr/lib/gcc/x86_64-alpine-linux-musl/10.3.1/:/usr/lib/gcc/x86_64-alpine-linux-musl/:/usr/lib/gcc/x86_64-alpine-linux-musl/10.3.1/../../../../x86_64-alpine-linux-musl/bin/]
  ignore line: [LIBRARY_PATH=/usr/lib/gcc/x86_64-alpine-linux-musl/10.3.1/:/usr/lib/gcc/x86_64-alpine-linux-musl/10.3.1/../../../../x86_64-alpine-linux-musl/lib/../lib/:/usr/lib/gcc/x86_64-alpine-linux-musl/10.3.1/../../../../lib/:/lib/../lib/:/usr/lib/../lib/:/usr/lib/gcc/x86_64-alpine-linux-musl/10.3.1/../../../../x86_64-alpine-linux-musl/lib/:/usr/lib/gcc/x86_64-alpine-linux-musl/10.3.1/../../../:/lib/:/usr/lib/]
  ignore line: [COLLECT_GCC_OPTIONS='-v' '-o' 'cmTC_e58dd' '-shared-libgcc' '-mtune=generic' '-march=x86-64']
  link line: [ /usr/libexec/gcc/x86_64-alpine-linux-musl/10.3.1/collect2 -plugin /usr/libexec/gcc/x86_64-alpine-linux-musl/10.3.1/liblto_plugin.so -plugin-opt=/usr/libexec/gcc/x86_64-alpine-linux-musl/10.3.1/lto-wrapper -plugin-opt=-fresolution=/tmp/ccnfNogG.res -plugin-opt=-pass-through=-lgcc_s -plugin-opt=-pass-through=-lgcc -plugin-opt=-pass-through=-lc -plugin-opt=-pass-through=-lgcc_s -plugin-opt=-pass-through=-lgcc --eh-frame-hdr --hash-style=gnu -m elf_x86_64 --as-needed -dynamic-linker /lib/ld-musl-x86_64.so.1 -pie -z relro -z now -o cmTC_e58dd /usr/lib/gcc/x86_64-alpine-linux-musl/10.3.1/../../../../lib/Scrt1.o /usr/lib/gcc/x86_64-alpine-linux-musl/10.3.1/../../../../lib/crti.o /usr/lib/gcc/x86_64-alpine-linux-musl/10.3.1/crtbeginS.o -L/usr/lib/gcc/x86_64-alpine-linux-musl/10.3.1 -L/usr/lib/gcc/x86_64-alpine-linux-musl/10.3.1/../../../../x86_64-alpine-linux-musl/lib/../lib -L/usr/lib/gcc/x86_64-alpine-linux-musl/10.3.1/../../../../lib -L/lib/../lib -L/usr/lib/../lib -L/usr/lib/gcc/x86_64-alpine-linux-musl/10.3.1/../../../../x86_64-alpine-linux-musl/lib -L/usr/lib/gcc/x86_64-alpine-linux-musl/10.3.1/../../.. CMakeFiles/cmTC_e58dd.dir/CMakeCXXCompilerABI.cpp.o -lstdc++ -lm -lssp_nonshared -lgcc_s -lgcc -lc -lgcc_s -lgcc /usr/lib/gcc/x86_64-alpine-linux-musl/10.3.1/crtendS.o /usr/lib/gcc/x86_64-alpine-linux-musl/10.3.1/../../../../lib/crtn.o]
    arg [/usr/libexec/gcc/x86_64-alpine-linux-musl/10.3.1/collect2] ==> ignore
    arg [-plugin] ==> ignore
    arg [/usr/libexec/gcc/x86_64-alpine-linux-musl/10.3.1/liblto_plugin.so] ==> ignore
    arg [-plugin-opt=/usr/libexec/gcc/x86_64-alpine-linux-musl/10.3.1/lto-wrapper] ==> ignore
    arg [-plugin-opt=-fresolution=/tmp/ccnfNogG.res] ==> ignore
    arg [-plugin-opt=-pass-through=-lgcc_s] ==> ignore
    arg [-plugin-opt=-pass-through=-lgcc] ==> ignore
    arg [-plugin-opt=-pass-through=-lc] ==> ignore
    arg [-plugin-opt=-pass-through=-lgcc_s] ==> ignore
    arg [-plugin-opt=-pass-through=-lgcc] ==> ignore
    arg [--eh-frame-hdr] ==> ignore
    arg [--hash-style=gnu] ==> ignore
    arg [-m] ==> ignore
    arg [elf_x86_64] ==> ignore
    arg [--as-needed] ==> ignore
    arg [-dynamic-linker] ==> ignore
    arg [/lib/ld-musl-x86_64.so.1] ==> ignore
    arg [-pie] ==> ignore
    arg [-zrelro] ==> ignore
    arg [-znow] ==> ignore
    arg [-o] ==> ignore
    arg [cmTC_e58dd] ==> ignore
    arg [/usr/lib/gcc/x86_64-alpine-linux-musl/10.3.1/../../../../lib/Scrt1.o] ==> obj [/usr/lib/gcc/x86_64-alpine-linux-musl/10.3.1/../../../../lib/Scrt1.o]
    arg [/usr/lib/gcc/x86_64-alpine-linux-musl/10.3.1/../../../../lib/crti.o] ==> obj [/usr/lib/gcc/x86_64-alpine-linux-musl/10.3.1/../../../../lib/crti.o]
    arg [/usr/lib/gcc/x86_64-alpine-linux-musl/10.3.1/crtbeginS.o] ==> obj [/usr/lib/gcc/x86_64-alpine-linux-musl/10.3.1/crtbeginS.o]
    arg [-L/usr/lib/gcc/x86_64-alpine-linux-musl/10.3.1] ==> dir [/usr/lib/gcc/x86_64-alpine-linux-musl/10.3.1]
    arg [-L/usr/lib/gcc/x86_64-alpine-linux-musl/10.3.1/../../../../x86_64-alpine-linux-musl/lib/../lib] ==> dir [/usr/lib/gcc/x86_64-alpine-linux-musl/10.3.1/../../../../x86_64-alpine-linux-musl/lib/../lib]
    arg [-L/usr/lib/gcc/x86_64-alpine-linux-musl/10.3.1/../../../../lib] ==> dir [/usr/lib/gcc/x86_64-alpine-linux-musl/10.3.1/../../../../lib]
    arg [-L/lib/../lib] ==> dir [/lib/../lib]
    arg [-L/usr/lib/../lib] ==> dir [/usr/lib/../lib]
    arg [-L/usr/lib/gcc/x86_64-alpine-linux-musl/10.3.1/../../../../x86_64-alpine-linux-musl/lib] ==> dir [/usr/lib/gcc/x86_64-alpine-linux-musl/10.3.1/../../../../x86_64-alpine-linux-musl/lib]
    arg [-L/usr/lib/gcc/x86_64-alpine-linux-musl/10.3.1/../../..] ==> dir [/usr/lib/gcc/x86_64-alpine-linux-musl/10.3.1/../../..]
    arg [CMakeFiles/cmTC_e58dd.dir/CMakeCXXCompilerABI.cpp.o] ==> ignore
    arg [-lstdc++] ==> lib [stdc++]
    arg [-lm] ==> lib [m]
    arg [-lssp_nonshared] ==> lib [ssp_nonshared]
    arg [-lgcc_s] ==> lib [gcc_s]
    arg [-lgcc] ==> lib [gcc]
    arg [-lc] ==> lib [c]
    arg [-lgcc_s] ==> lib [gcc_s]
    arg [-lgcc] ==> lib [gcc]
    arg [/usr/lib/gcc/x86_64-alpine-linux-musl/10.3.1/crtendS.o] ==> obj [/usr/lib/gcc/x86_64-alpine-linux-musl/10.3.1/crtendS.o]
    arg [/usr/lib/gcc/x86_64-alpine-linux-musl/10.3.1/../../../../lib/crtn.o] ==> obj [/usr/lib/gcc/x86_64-alpine-linux-musl/10.3.1/../../../../lib/crtn.o]
  collapse obj [/usr/lib/gcc/x86_64-alpine-linux-musl/10.3.1/../../../../lib/Scrt1.o] ==> [/usr/lib/Scrt1.o]
  collapse obj [/usr/lib/gcc/x86_64-alpine-linux-musl/10.3.1/../../../../lib/crti.o] ==> [/usr/lib/crti.o]
  collapse obj [/usr/lib/gcc/x86_64-alpine-linux-musl/10.3.1/../../../../lib/crtn.o] ==> [/usr/lib/crtn.o]
  collapse library dir [/usr/lib/gcc/x86_64-alpine-linux-musl/10.3.1] ==> [/usr/lib/gcc/x86_64-alpine-linux-musl/10.3.1]
  collapse library dir [/usr/lib/gcc/x86_64-alpine-linux-musl/10.3.1/../../../../x86_64-alpine-linux-musl/lib/../lib] ==> [/usr/x86_64-alpine-linux-musl/lib]
  collapse library dir [/usr/lib/gcc/x86_64-alpine-linux-musl/10.3.1/../../../../lib] ==> [/usr/lib]
  collapse library dir [/lib/../lib] ==> [/lib]
  collapse library dir [/usr/lib/../lib] ==> [/usr/lib]
  collapse library dir [/usr/lib/gcc/x86_64-alpine-linux-musl/10.3.1/../../../../x86_64-alpine-linux-musl/lib] ==> [/usr/x86_64-alpine-linux-musl/lib]
  collapse library dir [/usr/lib/gcc/x86_64-alpine-linux-musl/10.3.1/../../..] ==> [/usr/lib]
  implicit libs: [stdc++;m;ssp_nonshared;gcc_s;gcc;c;gcc_s;gcc]
  implicit objs: [/usr/lib/Scrt1.o;/usr/lib/crti.o;/usr/lib/gcc/x86_64-alpine-linux-musl/10.3.1/crtbeginS.o;/usr/lib/gcc/x86_64-alpine-linux-musl/10.3.1/crtendS.o;/usr/lib/crtn.o]
  implicit dirs: [/usr/lib/gcc/x86_64-alpine-linux-musl/10.3.1;/usr/x86_64-alpine-linux-musl/lib;/usr/lib;/lib]
  implicit fwks: []


Determining if the include file pthread.h exists passed with the following output:
Change Dir: /tmp/cmake/CMakeFiles/CMakeTmp

Run Build Command(s):/usr/bin/make -f Makefile cmTC_59190/fast && /usr/bin/make  -f CMakeFiles/cmTC_59190.dir/build.make CMakeFiles/cmTC_59190.dir/build
make[1]: Entering directory '/tmp/cmake/CMakeFiles/CMakeTmp'
Building C object CMakeFiles/cmTC_59190.dir/CheckIncludeFile.c.o
/usr/bin/cc    -o CMakeFiles/cmTC_59190.dir/CheckIncludeFile.c.o -c /tmp/cmake/CMakeFiles/CMakeTmp/CheckIncludeFile.c
Linking C executable cmTC_59190
/usr/bin/cmake -E cmake_link_script CMakeFiles/cmTC_59190.dir/link.txt --verbose=1
/usr/bin/cc CMakeFiles/cmTC_59190.dir/CheckIncludeFile.c.o -o cmTC_59190 
make[1]: Leaving directory '/tmp/cmake/CMakeFiles/CMakeTmp'



Performing C SOURCE FILE Test CMAKE_HAVE_LIBC_PTHREAD succeeded with the following output:
Change Dir: /tmp/cmake/CMakeFiles/CMakeTmp

Run Build Command(s):/usr/bin/make -f Makefile cmTC_edd8e/fast && /usr/bin/make  -f CMakeFiles/cmTC_edd8e.dir/build.make CMakeFiles/cmTC_edd8e.dir/build
make[1]: Entering directory '/tmp/cmake/CMakeFiles/CMakeTmp'
Building C object CMakeFiles/cmTC_edd8e.dir/src.c.o
/usr/bin/cc -DCMAKE_HAVE_LIBC_PTHREAD   -o CMakeFiles/cmTC_edd8e.dir/src.c.o -c /tmp/cmake/CMakeFiles/CMakeTmp/src.c
Linking C executable cmTC_edd8e
/usr/bin/cmake -E cmake_link_script CMakeFiles/cmTC_edd8e.dir/link.txt --verbose=1
/usr/bin/cc CMakeFiles/cmTC_edd8e.dir/src.c.o -o cmTC_edd8e 
make[1]: Leaving directory '/tmp/cmake/CMakeFiles/CMakeTmp'


Source file was:
#include <pthread.h>

static void* test_func(void* data)
{
  return data;
}

int main(void)
{
  pthread_t thread;
  pthread_create(&thread, NULL, test_func, NULL);
  pthread_detach(thread);
  pthread_cancel(thread);
  pthread_join(thread, NULL);
  pthread_atfork(NULL, NULL, NULL);
  pthread_exit(NULL);

  return 0;
}

Determining if the function XOpenDisplay exists in the /usr/lib/libX11.so;/usr/lib/libXext.so passed with the following output:
Change Dir: /tmp/cmake/CMakeFiles/CMakeTmp

Run Build Command(s):/usr/bin/make -f Makefile cmTC_d990e/fast && /usr/bin/make  -f CMakeFiles/cmTC_d990e.dir/build.make CMakeFiles/cmTC_d990e.dir/build
make[1]: Entering directory '/tmp/cmake/CMakeFiles/CMakeTmp'
Building C object CMakeFiles/cmTC_d990e.dir/CheckFunctionExists.c.o
/usr/bin/cc   -DCHECK_FUNCTION_EXISTS=XOpenDisplay -o CMakeFiles/cmTC_d990e.dir/CheckFunctionExists.c.o -c /usr/share/cmake/Modules/CheckFunctionExists.c
Linking C executable cmTC_d990e
/usr/bin/cmake -E cmake_link_script CMakeFiles/cmTC_d990e.dir/link.txt --verbose=1
/usr/bin/cc  -DCHECK_FUNCTION_EXISTS=XOpenDisplay CMakeFiles/cmTC_d990e.dir/CheckFunctionExists.c.o -o cmTC_d990e  /usr/lib/libX11.so /usr/lib/libXext.so 
make[1]: Leaving directory '/tmp/cmake/CMakeFiles/CMakeTmp'



Determining if the function gethostbyname exists passed with the following output:
Change Dir: /tmp/cmake/CMakeFiles/CMakeTmp

Run Build Command(s):/usr/bin/make -f Makefile cmTC_d23c4/fast && /usr/bin/make  -f CMakeFiles/cmTC_d23c4.dir/build.make CMakeFiles/cmTC_d23c4.dir/build
make[1]: Entering directory '/tmp/cmake/CMakeFiles/CMakeTmp'
Building C object CMakeFiles/cmTC_d23c4.dir/CheckFunctionExists.c.o
/usr/bin/cc   -DCHECK_FUNCTION_EXISTS=gethostbyname -o CMakeFiles/cmTC_d23c4.dir/CheckFunctionExists.c.o -c /usr/share/cmake/Modules/CheckFunctionExists.c
Linking C executable cmTC_d23c4
/usr/bin/cmake -E cmake_link_script CMakeFiles/cmTC_d23c4.dir/link.txt --verbose=1
/usr/bin/cc  -DCHECK_FUNCTION_EXISTS=gethostbyname CMakeFiles/cmTC_d23c4.dir/CheckFunctionExists.c.o -o cmTC_d23c4 
make[1]: Leaving directory '/tmp/cmake/CMakeFiles/CMakeTmp'



Determining if the function connect exists passed with the following output:
Change Dir: /tmp/cmake/CMakeFiles/CMakeTmp

Run Build Command(s):/usr/bin/make -f Makefile cmTC_ae852/fast && /usr/bin/make  -f CMakeFiles/cmTC_ae852.dir/build.make CMakeFiles/cmTC_ae852.dir/build
make[1]: Entering directory '/tmp/cmake/CMakeFiles/CMakeTmp'
Building C object CMakeFiles/cmTC_ae852.dir/CheckFunctionExists.c.o
/usr/bin/cc   -DCHECK_FUNCTION_EXISTS=connect -o CMakeFiles/cmTC_ae852.dir/CheckFunctionExists.c.o -c /usr/share/cmake/Modules/CheckFunctionExists.c
Linking C executable cmTC_ae852
/usr/bin/cmake -E cmake_link_script CMakeFiles/cmTC_ae852.dir/link.txt --verbose=1
/usr/bin/cc  -DCHECK_FUNCTION_EXISTS=connect CMakeFiles/cmTC_ae852.dir/CheckFunctionExists.c.o -o cmTC_ae852 
make[1]: Leaving directory '/tmp/cmake/CMakeFiles/CMakeTmp'



Determining if the function remove exists passed with the following output:
Change Dir: /tmp/cmake/CMakeFiles/CMakeTmp

Run Build Command(s):/usr/bin/make -f Makefile cmTC_d9b10/fast && /usr/bin/make  -f CMakeFiles/cmTC_d9b10.dir/build.make CMakeFiles/cmTC_d9b10.dir/build
make[1]: Entering directory '/tmp/cmake/CMakeFiles/CMakeTmp'
Building C object CMakeFiles/cmTC_d9b10.dir/CheckFunctionExists.c.o
/usr/bin/cc   -DCHECK_FUNCTION_EXISTS=remove -o CMakeFiles/cmTC_d9b10.dir/CheckFunctionExists.c.o -c /usr/share/cmake/Modules/CheckFunctionExists.c
Linking C executable cmTC_d9b10
/usr/bin/cmake -E cmake_link_script CMakeFiles/cmTC_d9b10.dir/link.txt --verbose=1
/usr/bin/cc  -DCHECK_FUNCTION_EXISTS=remove CMakeFiles/cmTC_d9b10.dir/CheckFunctionExists.c.o -o cmTC_d9b10 
make[1]: Leaving directory '/tmp/cmake/CMakeFiles/CMakeTmp'



Determining if the function shmat exists passed with the following output:
Change Dir: /tmp/cmake/CMakeFiles/CMakeTmp

Run Build Command(s):/usr/bin/make -f Makefile cmTC_f795a/fast && /usr/bin/make  -f CMakeFiles/cmTC_f795a.dir/build.make CMakeFiles/cmTC_f795a.dir/build
make[1]: Entering directory '/tmp/cmake/CMakeFiles/CMakeTmp'
Building C object CMakeFiles/cmTC_f795a.dir/CheckFunctionExists.c.o
/usr/bin/cc   -DCHECK_FUNCTION_EXISTS=shmat -o CMakeFiles/cmTC_f795a.dir/CheckFunctionExists.c.o -c /usr/share/cmake/Modules/CheckFunctionExists.c
Linking C executable cmTC_f795a
/usr/bin/cmake -E cmake_link_script CMakeFiles/cmTC_f795a.dir/link.txt --verbose=1
/usr/bin/cc  -DCHECK_FUNCTION_EXISTS=shmat CMakeFiles/cmTC_f795a.dir/CheckFunctionExists.c.o -o cmTC_f795a 
make[1]: Leaving directory '/tmp/cmake/CMakeFiles/CMakeTmp'



Determining if the function IceConnectionNumber exists in the ICE passed with the following output:
Change Dir: /tmp/cmake/CMakeFiles/CMakeTmp

Run Build Command(s):/usr/bin/make -f Makefile cmTC_3ed39/fast && /usr/bin/make  -f CMakeFiles/cmTC_3ed39.dir/build.make CMakeFiles/cmTC_3ed39.dir/build
make[1]: Entering directory '/tmp/cmake/CMakeFiles/CMakeTmp'
Building C object CMakeFiles/cmTC_3ed39.dir/CheckFunctionExists.c.o
/usr/bin/cc   -DCHECK_FUNCTION_EXISTS=IceConnectionNumber -o CMakeFiles/cmTC_3ed39.dir/CheckFunctionExists.c.o -c /usr/share/cmake/Modules/CheckFunctionExists.c
Linking C executable cmTC_3ed39
/usr/bin/cmake -E cmake_link_script CMakeFiles/cmTC_3ed39.dir/link.txt --verbose=1
/usr/bin/cc  -DCHECK_FUNCTION_EXISTS=IceConnectionNumber CMakeFiles/cmTC_3ed39.dir/CheckFunctionExists.c.o -o cmTC_3ed39  -lICE 
make[1]: Leaving directory '/tmp/cmake/CMakeFiles/CMakeTmp'



